20.512703
10.164863
18.564168
18.101829
15.503693
35.378439
11.146932
17.070907
16.291924
14.771001
38.911881
12.45634
15.229991
-0.09141643
16.120655
20.155711
14.021865
13.849051
8.9665911
0.689892
15.572702
16.375302
32.814111
10.95441
18.848034
19.349765
35.757494
11.204322
20.301005
6.6183752
10.394854
6.9757882
18.305586
1.3112368
12.425304
5.8835423
2.0187554
8.1063422
17.967272
7.8005918
30.061187
13.542248
11.991568
39.801355
12.273466
11.796457
10.367869
25.271599
11.628508
16.27748
21.866897
12.770734
17.076855
23.310634
8.6386
17.77928
22.242491
12.083718
23.151101
16.84107
10.206939
13.769305
1.6518372
29.703621
10.732251
7.3214632
0.45133867
11.495866
5.0225762
42.345118
4.1101115
15.299077
6.2570138
9.4534346
1.8545452
24.839391
8.1581987
31.163549
38.30968
19.434319
5.384504
17.826603
10.840863
32.102143
37.289821
19.964211
9.7474266
13.292101
9.5664521
6.0062879
10.1205
8.3395907
19.872183
24.807769
40.774116
9.6863254
24.673449
47.2849
13.027461
32.131964
-2.0282936
21.15823
14.281621
19.718356
34.362739
14.127744
5.1686043
46.843546
17.8885
14.531193
39.576598
18.600358
14.05444
44.123713
10.941301
14.291327
27.606053
16.348554
27.627569
34.635302
5.1932
20.791103
12.470824
52.599385
6.6472682
35.2444
24.231785
25.378456
16.214148
12.957069
23.038304
26.384707
-1.2182089
34.017718
33.22513
16.016374
4.9531421
44.937204
43.245151
21.269718
11.502101
23.552247
25.781678
4.5847345
22.206185
32.816606
9.2795672
6.1515593
14.050855
16.920577
22.919717
13.945718
23.202376
23.139102
9.3166047
34.81665
19.489236
20.460287
39.133858
9.4686707
3.2597537
17.822774
19.965967
42.606748
8.278251
13.603198
32.098338
25.577297
12.191278
6.3946931
4.246033
5.120106
10.166958
19.247723
12.739448
9.0160282
16.031618
32.421932
21.896733
8.1037209
27.771386
6.8317682
19.975924
13.680296
8.8840716
37.111546
13.848212
6.1751669
12.773601
28.830263
15.162513
21.140447
7.4289451
27.803964
11.278987
20.853354
13.501853
8.3905096
11.091731
27.062626
23.173184
17.831424
25.611293
30.36855
4.6373806
20.845406
12.204741
41.137753
21.958241
5.0492368
21.989575
45.22155
4.6871444
10.409736
14.671988
37.558205
18.471743
6.3279805
21.844437
16.853562
12.81223
25.491258
39.909605
2.6713547
11.274147
9.0826528
24.110446
13.63417
14.534447
24.363261
60.758059
13.939106
41.340257
-1.3653394
11.787943
19.587881
19.150818
20.740511
35.850251
9.677392
11.810627
34.126915
23.435539
13.684461
12.48855
8.9211072
15.339357
15.739098
0.1921403
10.618467
10.736747
-0.96040413
14.110285
6.7946112
18.747954
18.305199
11.182886
8.1140927
11.691444
48.102871
50.080533
10.505827
17.6876
32.791899
10.850028
12.961437
30.632837
11.818122
11.199204
8.6751532
13.416786
30.358676
14.458827
20.810042
37.513668
9.0906342
13.900779
17.218391
11.381939
26.58768
21.485593
21.876716
9.6892254
27.444656
14.040065
24.519847
32.52956
12.585376
16.561575
19.814648
9.5162719
38.625132
13.914867
25.737415
8.9427305
22.950267
28.663407
29.699246
14.131634
0.60995988
5.8953425
20.025867
23.986894
9.2706169
14.862575
16.461443
9.5635821
26.082703
10.246083
17.214992
34.846577
15.988732
15.087747
14.947172
11.062941
11.713855
23.110404
13.311106
2.3208031
7.3650789
1.6150533
17.164221
8.8474144
16.992707
14.040411
50.611087
26.885853
6.6293103
13.59942
11.483456
12.484762
12.684917
19.215443
19.76613
14.338916
13.291695
8.3920326
14.948943
16.745675
60.157305
37.771092
3.7967541
4.4523413
23.822114
10.064725
11.558286
21.648338
7.7327099
24.568787
4.6623345
11.383952
6.2105691
26.622715
21.825322
25.071796
14.926392
6.6991251
25.528371
8.8762236
26.124169
51.974889
18.015259
19.024644
50.805679
31.423574
21.732404
11.378961
4.2127818
1.1184674
9.9321894
33.55729
15.959351
21.065707
11.382126
27.524798
45.879045
34.847227
29.269432
7.495453
1.0467703
12.645461
12.587644
7.4167313
3.8761779
28.025729
14.533059
14.783054
22.48548
11.384424
16.698261
15.960029
30.47857
19.460801
20.270349
38.477763
6.3242187
22.731108
10.083141
20.019027
14.973893
6.1935698
31.869934
7.6726341
10.514574
13.311288
3.7754078
15.103946
20.165185
33.798735
25.445394
15.51967
16.687259
35.631758
29.940804
8.1176617
3.3091865
10.511408
2.2974225
22.818313
14.195699
8.0254035
17.745321
19.954993
12.672116
39.708023
4.2425464
17.621158
-0.10984657
14.615647
33.870944
3.8786916
37.368857
14.277199
12.680337
12.924021
12.143197
14.398298
38.508756
35.304999
7.9436866
13.943123
7.9522856
16.847188
20.339031
11.318951
15.729003
10.402957
8.9272041
27.880598
33.954388
11.796224
20.275251
1.5731894
15.647417
9.8504756
38.42484
16.367536
17.422409
18.353506
13.020413
16.188276
24.047233
14.286413
24.83468
13.142653
7.7041217
17.887486
30.689039
12.966094
-1.1641727
12.388519
5.2461869
15.113092
7.5990719
17.840896
6.8517877
19.94752
19.909906
12.504316
18.514773
15.700112
28.44043
12.002154
12.638079
5.5224893
20.189537
7.18076
45.991215
8.5332099
9.9236916
55.075273
20.442838
12.849896
22.527537
1.0214145
7.4631433
13.323337
24.90174
42.225321
40.959485
-6.140096
-12.248913
-4.5727066
-4.9512056
-10.741996
-6.7353852
-2.7768416
-9.0962779
-10.647983
-4.2711332
-6.3207171
-2.3961505
-10.44611
-3.9960519
-11.705159
-11.942269
-3.7658872
-10.244018
-5.7032791
-8.6309879
-1.894284
-3.7662833
-7.8660047
-7.3943481
-3.6573327
-4.1758315
-8.4443737
-5.4450742
-12.62537
-11.347896
-4.0288979
-12.332767
-7.2114047
-4.5823212
-6.1916317
-6.6731183
-6.947427
-6.1617101
-5.1478647
-12.458211
-11.742623
-9.065764
-5.1049113
-2.4367635
-4.6806996
-9.7450674
-3.713561
-9.544405
-3.8530963
-3.5229662
-5.0071009
-10.56712
-4.1872653
-3.6477952
-6.5807558
-5.9086678
-4.6909126
-7.4560201
-13.023825
-2.6977559
-3.4893185
-4.8071091
-7.240669
-5.9827875
-5.3866172
-5.749747
-7.0850858
-5.6928504
-12.702171
-5.7097728
-11.865881
-2.2451244
-4.9451301
-6.2110352
-8.8556675
-3.909833
-8.9038253
-4.9969853
-4.3169137
-5.5020917
-5.4560593
-5.9097176
-4.2495966
-2.1484735
-5.2043925
-4.7167239
-3.4934768
-6.6937817
-8.5013631
-1.9110429
-4.2711331
-7.8240494
-12.063287
-9.1005638
-8.6727579
-3.3072967
-3.147915
-2.7003906
-5.2147186
-9.0742663
-6.4204283
-3.7702459
-10.438081
-8.2184127
-1.9262827
-4.4724605
-3.9373795
-11.591614
-1.8604821
-2.8970583
-4.5486992
-5.6167573
-8.5248716
-8.9758631
-3.4332272
-10.885625
-7.7274282
-3.678673
-3.3034891
-3.2043222
-6.8835281
-5.1451712
-2.4835227
-7.8072131
-4.9156159
-8.6610059
-7.3396938
-5.365958
-14.272763
-3.2703867
-5.1718431
-9.1017945
-3.1717466
-3.1810604
-4.42927
-4.1490803
-7.0097958
-10.054953
-4.5748592
-4.9738528
-6.8717083
-11.886242
-4.4782999
-8.8420552
-4.1094998
-6.4432589
-6.6817288
-9.7066176
-5.3033126
-3.7414115
-4.151103
-18.825789
-5.7970104
-6.704276
-7.2616669
-10.698402
-11.690221
-8.7402584
-4.3666982
-12.602952
-6.4244196
-4.4198454
-6.0241185
-8.4237041
-5.1411048
-6.0813961
-4.9202122
-0.12107268
-12.52447
-6.206157
-3.5767555
-8.2073159
-3.6381749
-6.6121138
-9.8866491
-6.5143957
-3.8520335
-4.5166493
-5.9825945
-3.7431029
-4.4343856
-4.9715367
-4.3241053
-6.7168468
-10.022576
-8.5425602
-5.0375837
-8.2760059
-15.591912
-6.7952106
-10.797177
-8.6945458
-7.8015186
-6.0980505
-11.716631
-6.3628311
-0.25675866
-5.0582511
-6.7341904
-5.8426287
-2.8068521
-14.316834
-3.7163184
-8.3107025
-7.1420739
-3.1966736
-9.9404877
-2.7422242
-4.742559
-7.3001513
-1.6851448
-6.5787385
-5.6632671
-10.547734
-6.7705885
-8.1027221
2.2403255
-11.68312
-5.0388973
-3.9261896
-3.4492813
-7.6950041
-3.9327584
-7.3756199
-8.9275745
-3.1782247
-6.7362452
-7.5886734
-6.2253878
-10.586279
-9.420312
-6.7483502
-6.488513
-10.986822
-7.4379679
-8.3930883
-6.5167554
-8.2804969
-8.582103
-5.0162812
-3.1043862
-3.2388555
-4.2626851
-2.7780276
-4.6566041
-7.957533
-4.3629554
-11.335793
-7.1270046
-3.8858468
-5.8050496
-8.9819651
-2.3312181
-8.3853101
-4.7360108
-4.9775997
-6.7979534
-7.1649716
-1.1368736
-6.9432642
-8.0406331
-6.2941599
-3.5760943
-1.687657
-3.6912046
-4.1533871
-3.8543484
-4.898664
-5.8909135
-3.9649643
-4.150711
-9.613496
-4.6722783
-6.767427
-2.7776558
-1.847734
-7.1367376
-5.1810845
-6.5121428
-2.1073155
-4.1239936
-3.8130205
-5.5254023
-10.142296
-8.0336724
-3.0437978
-3.4597409
-6.5560547
-5.6387833
-6.861966
-4.634563
-4.5502087
-6.1993884
-4.3423853
-8.978387
-3.5169336
-14.514813
-4.6828876
-4.7639026
-4.0055202
-9.2288588
-6.4678661
-1.7173229
-6.148892
-6.0833306
-3.6659759
-6.2975274
-6.9899057
-12.067408
-5.344398
-1.8975269
-2.4343637
-8.4154138
-6.6280257
-4.655599
-2.7011803
-8.0866335
-4.5808117
-6.1901596
-4.534405
-4.0201646
-7.0457214
-4.8553584
-6.5771907
-11.802332
-7.6925712
-3.9919599
-8.9213136
-10.286747
-5.3792021
-12.080836
-2.942791
-6.6898568
-9.7768587
-3.6963377
-5.6150762
-8.5458712
-7.0552915
-8.9520149
-10.963125
-10.027534
-3.1801951
-5.3903734
-2.9107503
-2.194547
-8.5850728
-5.7006443
-9.1909583
-5.5955366
-4.9256995
-7.6004658
-8.9055894
-11.438858
-4.3874855
-32.100004
-5.8691718
-7.7844153
-4.9725409
-3.748757
-8.8127674
-6.4166046
-7.8335507
-6.6946345
-11.53944
-8.0262443
-4.1713591
-8.1681622
-5.6327174
-2.9348688
-5.7577219
-4.567811
-3.8217909
-3.6990557
-4.6109978
-11.927202
-5.7976058
-3.8459867
-9.6560312
-3.332495
-9.845342
-4.7670628
-5.8593906
-7.1846467
-4.1154521
-7.8831698
-14.160145
-3.3991039
-8.7377447
-14.126654
-10.446638
-3.4894791
-7.0113243
-7.9372489
-3.6606595
-3.8169625
-4.4494137
-5.0925834
-7.9699086
-7.0410046
-16.039868
-9.4166432
-8.5937356
-6.2046645
-1.7953274
-5.3900515
-4.3329284
-7.6034839
-8.6532214
-10.633746
-4.151103
-8.201294
-3.8381787
-6.9368791
-4.4312623
-6.8089893
-5.0925834
-4.2495301
-5.8477816
-11.047828
-2.9291027
-6.224218
-5.9938273
-6.3874523
-5.4171718
-12.196032
-8.0116742
-20.187234
-18.518626
-11.142291
-8.2270814
-4.2197512
-0.97678229
-7.1346074
-6.9600193
-10.566701
-5.653412
-4.5710452
-3.5718215
-5.2338578
-3.3548695
-5.1829358
-9.623233
-13.021472
-9.3167067
-10.409134
-7.2024497
-6.714263
-4.1572617
-6.9962474
-7.6952933
-3.7753459
-8.4406982
-6.1464477
-8.5871941
-7.5487865
-9.1672741
-10.301228
-3.5271705
-10.260161
-8.6807931
-12.174857
-3.4636743
-4.5962961
-5.3433952
-4.2052822
-11.686433
-3.3991039
-9.0647631
-8.300062
-13.752906
-5.0794213
-11.442907
-4.5847498
-4.3493956
-7.9407401
-7.6833899
-5.0764476
-3.3313108
-9.1978026
-7.0500263
-11.018877
-8.6698965
-2.48642
-9.6221991
-5.5416045
-4.1383701
-2.6592082
-3.2508754
-4.9031025
-5.9261545
-9.1866318
-5.2756943
-10.858257
-4.5298083
-10.629795
-2.7063439
-4.3136545
-9.7472019
-3.794841
-10.831571
-3.381149
-5.6679554
-8.1193442
-8.067126
-9.822369
-9.5382023
-11.872839
-3.4059101
-11.421033
-5.3914573
-13.745654
-11.664853
-3.1321145
-11.773872
-8.9353069
-1.1739975
-11.353867
-2.9346476
-4.0345512
-2.9652734
-2.6185048
-10.372548
-6.4016472
-4.2436299
-7.6857729
-3.8221032
-17.456822
-9.6039668
-6.8918888
-6.4885193
-3.3018412
-9.3705774
-3.3323224
-5.4677325
-10.234167
-4.484452
-2.8231854
-7.8258964
-2.9276585
-4.1927587
-6.7080413
-5.118525
-9.3060703
-8.832472
-3.1446594
-2.7800569
-4.9763575
-4.9019771
-6.3122433
-9.7569861
-11.66178
-3.1617898
-9.1351978
-4.261313
-10.977782
-4.7209016
-4.7093145
-13.242013
-10.174448
-5.6614593
-10.908386
-5.0558378
-7.7707222
-2.665856
-5.1987336
-4.3503508
-5.4955842
-3.4346694
-9.0999929
-3.9545512
-6.9822
-13.912276
-5.0288511
-2.2475679
-4.1293997
-12.701283
-2.8887407
-2.4420327
-3.9823163
-6.9735072
-5.6216107
-5.217647
-4.5924574
-6.99113
-6.8757114
-8.0610923
-18.974047
-8.7673464
-5.2539839
-4.6335645
-2.3148649
-7.3388797
-5.4765243
-8.8611249
-4.5826985
-4.5637512
-0.64882615
-13.083343
-3.985174
-11.212004
-5.8354731
-7.0197394
-12.845425
-7.0299606
-4.3249081
-5.1822536
-4.7556933
-4.691739
-4.2970186
-4.4625723
-9.8145922
-4.8144139
-3.6339964
-5.9596024
-7.1560971
-10.422438
-5.5904759
-7.670161
-9.4202267
-3.2101199
-5.4311821
-3.4605108
-6.7818628
-8.0866334
-4.5579367
-3.1038545
-4.4488657
-6.3517903
-1.3839467
-4.6339364
-4.8640593
-4.5119666
-6.1893682
-7.7061877
-8.5535934
-8.4980182
-15.571912
-6.3033938
-9.7237224
-7.7779396
-3.5649328
-3.3954049
-7.8148972
-3.5145173
-6.1002752
-4.4738409
-11.478168
-7.8792149
-0.95488095
-9.4886544
-5.1369653
-12.240665
-12.166998
-3.8249104
-6.5644387
-3.1746877
-5.7866155
-17.308302
-9.6564956
-7.732172
-9.227729
-9.4753476
-3.5399875
-3.6611728
-9.4291203
-4.4180321
-4.2944662
-2.5325813
-8.3187223
-11.269459
-4.4530098
-6.3589338
-13.030507
-6.1720616
-2.1179577
-6.9131819
-8.922294
-7.6888661
-9.7057829
-4.1108259
-4.1560657
-3.0636041
-7.3124831
-6.2955662
-7.2138489
-6.7510578
-14.980051
-3.7077519
-5.0106259
-3.1368743
-7.2228777
-3.6429739
-4.5876186
-8.8060115
-5.2691822
-7.6618487
1.2022973
-10.990549
-4.9214517
-3.4721621
-3.487886
-9.3650849
-4.7688145
-9.6271872
-7.9467969
-4.5566812
-2.9361379
-4.112673
-4.6547866
-4.3936252
-5.8056812
-9.3096794
-13.686725
-7.2805755
-5.3397057
-11.772494
-5.6516375
-9.8613774
-4.9497256
-4.3698645
-5.5895076
-11.010496
-5.5554162
-4.8411787
-4.3219387
-3.5160005
-6.9539684
-4.3268297
-4.8936705
-6.4429277
-10.510238
-4.7373762
-1.6023582
-9.920317
-10.933041
-4.4243731
-6.3211592
-5.897835
-7.7061508
-9.1632429
-5.2082577
-6.9969293
-6.4505174
-3.2108987
-6.2683854
-7.1774552
-3.9051113
-3.8289716
-1.7629439
-2.738365
-4.8082415
-6.7471799
-9.3876804
-4.3855929
-11.049613
-3.4869603
-15.884514
-8.8462237
-3.2076804
-6.6924302
-5.3768541
-8.7794323
-4.5875363
-9.9208407
-8.1658612
-3.7862361
-7.3039295
-3.6907846
-3.9544205
-3.0753559
-3.6109863
-8.9976018
-5.2016305
-7.482129
-7.2810342
-4.9118721
-4.669826
-7.0789807
-4.4962308
-7.4911428
-8.3750259
-7.5774474
-11.907094
-4.4375123
-7.0826863
-4.9406203
-3.3953314
-12.316931
-9.5166414
-7.0815669
-3.256115
-3.642725
-6.2427851
-4.2797416
-8.2651354
-5.9874301
-4.987414
-5.4819768
-8.8487937
-7.8610456
-3.5160478
-8.0669636
-10.419781
-7.8021634
-4.0047495
-3.756549
-4.2906658
-8.5219062
-3.9740906
-5.5601528
-3.8531892
-4.4563664
-6.8145295
-6.7396517
-11.171537
-3.1765444
-5.2940112
-5.5145849
-5.4298953
-5.2675593
-5.9849533
3.0293637
-5.6578824
-3.6298518
-4.411577
-4.5406786
-7.4961711
-7.283792
-4.4813164
-7.8041129
-12.373388
-8.1447762
-9.5826468
-12.419974
-7.0833239
-5.4790491
-9.5554194
-3.8788821
-5.8206513
-2.5174331
-7.157638
-8.8051951
-5.4003145
-3.1090361
-11.258165
-8.2900872
-10.167577
-6.9810326
-11.118039
-5.9799883
-5.0565417
-4.8344474
-9.2785962
-3.077535
-4.40351
-6.6456699
-10.059867
-5.4769641
-1.6450409
-5.9382905
-4.2504784
-6.8176412
-4.8733802
-5.4262168
-3.677881
-6.6199177
-10.030158
-10.134553
-4.907348
-4.9042449
-6.6139254
-13.36743
-5.1985128
-5.9469678
-7.9075976
-7.1676193
-2.7397634
-1.3586554
-7.9366472
-7.938564
-3.3944394
-3.9043986
-7.5134875
0.64130418
-4.981154
-3.4013479
-4.8689212
-4.2136944
-6.6894001
-4.8242775
-2.9271403
-6.163249
-4.6624197
-0.11167732
-6.1053147
-3.3683486
-5.4439461
-7.2823722
-3.579842
-4.3677255
-5.4040737
-9.0706415
-5.9548592
-4.5543102
-11.010828
-3.8694421
-4.8611676
-11.014758
-8.2821653
-9.4349594
-5.1983775
-6.5127708
-3.87604
-3.3239347
-4.3125298
-10.774451
-10.1596
-4.1103047
-4.1468008
-4.6589483
-7.67234
-6.9098099
-14.926862
-4.3564226
-12.69362
-5.0797079
-6.2690388
-6.6514781
-3.7396868
-2.5761257
-5.1508896
-5.9263278
-10.607741
-1.7809305
-4.3125314
-4.5815753
-8.4132067
-9.0338729
-5.0857325
-6.4588336
-11.1889
-7.2547385
-6.3254596
-3.5713444
-10.861637
-6.6679339
-7.4984261
-4.7101477
-6.9432303
-3.0400723
-0.4091934
-10.729056
-6.5480595
-20.856168
-9.4227965
-13.881419
-4.0601522
-17.535429
-4.9883023
-7.3052221
-3.4088206
-9.8857294
-10.9333
-7.2378711
-5.3910984
-10.569605
-4.7799134
-7.3564407
-3.5206146
-10.983377
-9.7410461
-4.7259568
-6.0632021
-3.3295669
-7.2161507
-8.3349172
-4.7676237
-6.5947685
-5.5477069
-3.3676904
-2.929629
-5.1788781
-6.0152728
-10.155
-0.97091777
-4.6437852
-3.2328913
-3.6011698
-5.492404
-3.1041728
-2.6968424
-8.5462869
-7.7193421
-6.2481652
-4.4713243
-4.0480088
-5.6375915
-6.4886731
-5.7058637
-5.2778005
-3.6294533
-9.989078
-12.134899
-6.7401325
-12.523474
-9.4765167
-7.0562349
-4.2767045
-12.641966
-6.4152583
-16.60349
-8.6020135
-8.9117129
-3.371221
-3.7323004
-3.3100813
-18.242134
-10.333888
-14.895248
-12.991604
-8.8515482
-7.2663946
-5.2780185
-3.1447608
-5.6517683
-9.099132
-6.0351908
-16.27463
-5.478331
-8.1046116
-6.0843448
-1.7604071
-6.6838901
-11.525587
-12.362802
-8.2304803
-7.9041239
-20.880496
-6.4935128
-7.1325732
-10.657005
-3.9154208
-3.3789202
-3.714306
-5.0244225
-8.1968135
-3.8202866
-3.78907
-3.0065015
-18.178723
-4.3422003
-8.7800303
-5.4741589
-10.059863
-4.2764053
-7.8844272
-6.0322846
-4.2320831
-3.7684461
-6.9495476
-11.563738
-11.842604
-2.897306
-4.3904796
-13.016983
-4.9933413
-13.050831
-3.0383172
-9.5891449
-6.6651159
-7.3646024
-15.272547
-3.203195
-9.0238925
-3.5480946
-9.7076842
-3.5425341
-4.9319295
-10.144101
-4.3450771
-8.2635102
-6.966861
-9.7762694
-4.6292619
-1.5165495
-8.13615
-8.36629
-13.770859
-4.7209572
-7.8468002
-8.7219502
-3.3395549
-5.0251012
-6.1935871
-3.4528544
-6.7998633
-3.6290993
-4.5572574
-1.7466224
-6.1755177
-8.9566056
-2.4864716
-4.0682598
-2.2475144
-7.5994988
-4.1835668
-16.095661
-7.8717763
-5.2525779
-8.0927074
-7.484789
-10.480962
-12.139264
-1.3282166
-18.992662
-8.8605499
-6.9553974
-10.355481
-6.4311614
-6.0269933
-6.0427526
-9.6791507
-1.6063959
-4.0663818
-4.8915788
-5.1640355
-8.6834638
-3.2125155
-11.666651
-4.8212279
-6.5942786
-3.8485843
-9.6281817
-9.1484587
-3.4904993
-6.4358992
-3.3042653
-4.8101939
-13.405176
-17.322109
-9.1312412
-9.1496173
-4.3649855
-7.0636111
-2.9359852
-3.0005098
-5.080499
-4.1511298
-2.3957979
-5.7144614
-3.8583656
-18.086571
-13.512623
-6.3969161
-6.2066736
-5.2370891
-5.9242353
-0.99607398
-16.265592
-15.37196
-2.300181
-3.4872283
-4.2919397
-6.8637395
-9.2211146
-5.0968751
-7.9588534
-9.3046761
-4.4051185
-10.267552
-5.8253765
-4.7914894
-8.8986028
-6.9878564
-4.1885104
-2.5322453
-9.168712
-7.1014499
-8.4325604
-6.6179607
-12.012449
-4.0108991
-4.695541
-16.343989
-6.8032694
-3.5722766
-0.6723597
-11.779425
-8.2049601
-11.869189
-7.7341971
-9.1650459
-12.675688
-1.6830197
-6.8790188
-3.8069227
-3.7285647
-4.8018914
-9.6292701
-3.9343271
-14.469647
-3.4873653
-4.2741961
-9.2499422
-9.5872087
-8.8075934
-3.4322379
-17.538913
-3.8239796
-12.792689
-5.9845801
-5.3538177
-8.0449754
-5.0487638
-12.782823
-8.900003
-10.992354
-6.86389
-7.4347671
-4.8151524
-3.0371107
-4.5644589
-4.9777871
-5.3595217
-4.8723592
-5.5655872
-2.3620715
-4.4600556
-3.2619987
-3.1849251
-2.5341041
-10.044411
-7.28904
-5.7823263
-3.7469451
-16.614332
-4.8880477
-8.54046
-3.9713058
-4.0053824
-6.7912175
-6.2259737
-3.1743379
-10.511877
-4.6126199
-4.9327268
-10.698244
-9.7606239
-9.5370354
-15.437956
-7.5014779
-12.564099
-7.8728635
-8.9184684
-3.4845444
-6.1318288
-13.765797
-3.0380557
-10.10974
-8.7870035
-4.0999641
-12.473337
-10.09075
-3.4287809
-3.2855816
-9.0853737
-3.9028163
-4.1720812
-5.5511394
-5.886922
-3.8767731
-11.89751
-14.293983
-3.4914285
-5.6435313
-3.6092372
-6.1101258
-6.1144834
-1.489028
-3.5464922
-7.6131212
-2.8563721
-10.426717
-7.7730044
-4.7556933
-23.12591
-16.088588
-3.7634937
-7.1965594
-13.82314
-5.1235723
-14.605075
-6.6805532
-1.9733641
-8.5427126
-2.8933813
-4.3584398
-4.9292913
-3.9022988
-11.943132
-9.6494393
-17.068301
-2.6193795
-13.710505
-6.8634313
-4.9948396
-11.62673
-5.5628765
-4.8427552
-8.4462801
-4.0568735
-13.294988
-10.402274
-5.9327188
-8.5361399
-5.2785971
-3.3392493
-2.4851246
-4.3604153
-6.8630806
-6.9642637
-9.8945011
-7.6548343
-3.4922727
-5.0232345
-5.2137112
-10.783038
-10.893783
-4.7158728
-3.3853734
-8.5516092
-6.5576708
-1.3641183
-7.3161512
-5.6757601
-12.821461
-9.9042724
-3.2449757
-4.8464375
-25.328826
-9.7197588
-7.1180338
-10.196628
-4.510209
-4.2591582
-4.6501633
-5.0708338
-3.7700243
-5.4999906
-4.8782252
-1.2918666
-13.046721
-11.934491
-4.1056629
-6.1141226
-8.1484591
-7.8544313
-4.6367676
-3.4487858
-4.5149468
-4.0022476
-8.3072908
-3.3928059
-8.8526135
-3.9087146
-14.566454
-2.3966266
-15.097989
-6.4342775
-7.2864204
-4.4207382
-10.299652
-15.358063
-4.4260148
-5.8540569
-3.3601363
-4.0447857
-4.0753845
-7.8223556
-5.521831
-7.100922
-12.039223
-11.256032
-7.6516372
-3.2430114
-9.2198268
-11.015264
-4.7383755
-6.3575001
-4.1409034
-5.0821087
-4.1778046
-2.3449944
-12.574149
-5.1156751
-7.2136125
-7.734606
-13.996668
-11.911613
-10.124921
-6.4636136
-4.6636148
-9.6029226
-10.00438
-8.0498
-5.4143736
-3.8218568
-5.7858965
-3.9297198
-8.2333669
-6.2148778
-21.822555
-17.696271
-12.265742
-4.1249653
-3.8720793
-4.1810298
-5.9970962
-16.535917
-4.6210868
-6.5211392
-5.2209281
-4.6931248
-7.0973766
-4.5391454
-5.1298973
-6.2035553
-4.9179926
-7.7207764
-24.616134
-3.1402553
-3.9999327
-10.12226
-13.485732
-4.7898056
-4.1116355
-5.3487858
-14.617474
-4.8402325
-2.1913696
-14.030891
-2.7782284
-10.50745
-5.4165804
-7.9792087
-7.2709759
-6.5612019
-17.538913
-7.6944434
-4.4698836
-7.3490585
-10.350681
-5.8753564
-5.2111996
-4.8181246
-6.3821529
-4.1046658
-5.1102089
-4.2122543
-5.3375123
-3.3370831
-3.174182
-6.813988
-7.3295672
-13.037358
-10.149852
-9.3665317
-12.989058
-9.3208725
-4.1795651
-3.2769019
-8.7494408
-6.9898858
-4.991742
-4.4424476
-3.3329228
-4.4800005
-3.093523
-5.7351302
-9.4925074
-4.9891297
-8.382831
-13.22894
-6.7187758
-4.1014755
-4.5609157
-11.732274
-4.277925
-3.3678079
-3.4601798
-8.0344605
-13.584598
-4.9442023
-5.0930256
-15.381443
-8.6048936
-4.9308916
-6.9963993
-4.4534299
-11.275506
