-2.0878067
-1.3218914
-9.1803919
-3.2642319
-3.7241702
-11.271795
-1.4249226
-1.2239631
-3.0175264
-1.4106386
-10.24169
-3.7702797
-6.4795819
-0.39602986
-5.9091493
-4.7000323
-4.4006328
-4.1911796
-1.2925111
-1.1954818
-1.4550306
-4.8213422
-9.8222376
-6.0849489
-4.5678589
-6.32049
-14.188849
-2.5751462
-3.4854211
4.5759592
-6.3369331
-1.2965672
-4.9883007
3.417397
-1.4043263
-1.8632398
-1.1948836
-1.2882562
-7.8285507
-5.4051733
-18.095127
-10.447855
-1.3411961
-1.8614287
1.2134235
-1.3834384
-1.4428819
-2.6794877
-7.0500054
-5.6112274
-10.13654
-10.121548
-8.7122941
-3.7782207
-3.1116787
-1.5133437
-7.289466
0.37409245
-4.122939
-6.0547751
-1.3384993
-2.9740962
-3.7092272
-1.5013901
-1.3079374
-3.0891579
-1.2313762
-0.58181627
-1.4021677
-12.179077
-1.2018376
-9.8966574
5.6661241
-1.3697556
-1.4313142
-6.1049427
-0.82935399
-4.8956594
-16.192497
-10.667766
-1.936902
-1.5258154
-3.2676239
-1.7889984
-10.13561
-1.635016
-1.1729773
-4.8192719
-1.2801567
-2.8477665
-1.4664353
-0.91240143
-4.3637032
-10.759345
-11.464691
-5.1369727
-8.2249651
-17.205181
-5.0728571
-14.503707
-0.051077216
-5.5031074
0.20237345
-7.162644
-12.485297
-5.398665
-8.8039907
-10.650056
-5.8066946
-1.4512442
-19.281097
-4.3774281
-3.4787466
-10.247979
-1.4232987
0.071323974
-8.664354
-1.0782661
-7.3466686
-13.851552
-1.2056793
-3.7474205
-4.7951912
-15.342908
-1.4289169
-8.6890923
-9.4406736
-3.176574
-2.3992447
-1.5081123
-7.2830707
-11.530364
3.995672
-4.0676469
-12.941001
-5.0761696
-1.193033
-7.8540154
-15.982186
-6.7230607
-7.3680928
-8.4096698
-4.5977453
-1.4936582
-3.3091957
-8.0238031
-0.79850592
-1.0062248
-3.1602426
-4.7038863
-11.325542
-4.1888592
-1.6893696
-5.8288376
-5.0747736
-10.776226
-1.4999949
-10.37831
-6.9401945
-5.6720928
-1.3559078
-3.2626073
-1.5786632
-11.873405
-1.7601814
-6.251803
-17.343848
-11.173281
-2.3119682
0.96178861
-1.1746575
-1.1935662
-6.3705218
-7.1456475
-1.5090918
-1.2974677
-3.3937511
-5.105637
-6.9154329
-4.1339699
-5.3097367
-1.3028952
-10.606542
-1.9126996
-1.3266682
-7.4173404
-1.3958187
-1.3316456
-5.6546446
-6.8278298
-2.4153949
-2.9696239
-1.6030627
-1.607129
-4.2952923
-8.30386
-4.0061202
-1.8237501
-1.3527959
-5.0284544
-6.5023185
-1.5233889
-7.6073892
-5.9550325
-5.2018149
-10.352562
-1.4144363
-12.095098
-1.4212283
-1.9247568
-1.6608049
-15.828514
-1.287687
-1.3387612
-1.7158952
-12.581006
-5.5645874
-4.8170281
-3.2527487
-3.3905033
-1.4249563
-6.4394524
-16.400618
-1.2421849
-3.9003873
-1.1729183
-4.7460457
-4.9378987
-3.3752197
-1.7068052
-16.260546
-1.3993513
-13.245026
-4.3161559
-1.3795949
-3.2357183
-8.8713738
-1.6101982
-13.721189
-2.96266
-6.9474132
-11.102514
-7.2002105
-7.3507244
-9.2176055
-3.7943991
-1.4408291
-1.4614546
1.0435211
-2.5546279
-5.8211691
-0.81930767
-4.226836
-2.4492015
-5.3005604
-6.5194451
-1.3768716
-1.3039905
-1.3386207
-13.22832
-13.277696
-3.3616208
-1.5224051
-10.737584
-3.9091586
-2.2817964
-7.7902042
-1.5395292
-6.6704609
-4.159975
-4.3686154
-2.6455844
-3.6524725
-10.232109
-16.792354
-5.3962585
-4.3596234
-5.2362713
-1.3209514
-8.3902624
-4.055441
-7.7958529
-1.2718809
-10.051202
-3.0955929
-11.304422
-4.4384455
-3.3469926
-1.4785434
-10.613133
-1.9570632
-12.789164
-3.1858522
-6.0546105
-4.1230428
-13.791014
-12.636828
-11.543607
-2.3105736
3.1077194
-3.1828493
-1.5840094
-7.605118
-1.2364723
-5.0929832
-3.14705
-1.3360133
-7.962008
0.31144341
-1.1770389
-12.006113
-4.5727286
-2.0803267
-2.7811398
-1.9633064
-3.0980564
-1.6825608
-2.7641485
-1.2701364
-1.3614516
0.65533644
-7.6507419
-1.8850919
-6.9081591
-6.5358203
-10.109035
-9.0254431
-1.3576809
-6.1943971
-2.7299046
-1.3529347
-1.4075017
-1.5689099
-6.8609348
-1.4475506
-1.366165
-4.3567277
-3.629655
-3.674208
-15.242771
-12.587551
-3.3421327
-1.3060321
-5.4223557
-1.2193718
-8.518976
-10.530726
-1.4159932
-5.0407697
-1.1457173
-1.3206875
-1.3043268
-9.3573835
-1.6664151
-10.232749
-3.8284322
1.4844798
-7.9214947
-8.0218925
-12.664643
-22.604289
-3.3880203
-3.2647509
-16.159583
-13.071437
-7.0035254
-3.4207681
-2.1348107
-1.7823259
-7.7014984
-13.456704
-5.5201086
-7.2329992
-3.5994893
-1.5895365
-12.833298
-1.631999
-7.838268
-3.9507367
1.1488931
-1.368615
-6.5739446
-5.6931181
-1.1307715
-12.472545
-1.4199219
-3.9278635
-7.2951133
-4.9434859
-3.950598
-0.048210828
-1.6669399
-1.42547
-1.5902854
-1.7948035
-3.7189415
-10.511256
-1.3045863
-2.8318116
-4.9267478
-1.7409964
-7.2723554
-3.8758381
-5.9227369
-2.0224563
2.2356655
-7.4279169
-3.7583834
-9.2627137
-7.8264642
-6.4120881
-2.6059289
-11.243275
-8.4485729
-1.4049339
-0.2335729
-4.1768456
0.18073081
-6.1815726
-3.2543057
-1.2959689
-6.3304701
-1.5934518
-2.8541612
-15.361339
-1.1371685
-2.6204825
-1.0976927
-9.3643262
-11.683579
2.8648735
-8.7002852
-1.4056924
-1.4473633
-8.646211
-5.3658159
-5.1459321
-3.9773788
-15.352538
-1.3188054
-5.4253945
-1.5088657
-8.744993
-10.730704
-2.2218096
-4.1164652
1.2102402
-1.2519732
-4.2068488
-15.646971
-1.3374987
-1.546958
-1.2580195
-3.7078987
-9.0286182
-4.6445752
-7.5786745
-5.0097506
-4.7518223
-1.3061073
-3.0031763
-12.291814
-4.9951716
-6.8649407
-5.4102669
-1.2728403
-1.6025918
-7.1839588
-6.8152697
0.3429007
-7.4725927
-1.2547868
-7.8384129
-1.281
-5.0203039
-2.3152464
-9.9907619
-6.6583462
0.54318624
-3.8336919
-6.1396537
-4.2944225
-6.08718
-1.2846118
-1.2028198
-5.5146642
-0.87359359
-12.915203
0.21710957
-2.4434818
-11.637436
-12.413462
-1.3495579
-4.5228908
-1.122225
1.0801435
1.3949422
-4.219408
-10.92579
-18.288924
-1.9636925
-2.9381981
-5.6417531
-9.1606609
-6.2018078
-4.5644494
-3.3417189
-1.9793096
-1.3815467
7.6921903
-5.5743903
-1.3522335
3.0340618
-3.0984435
-1.3756822
-1.4266963
-1.3273046
-6.592018
-1.8495879
-3.9769435
-1.03741
-3.603377
-2.4319782
-1.3845305
-1.8768952
-2.8874668
-1.53913
-5.9539876
-1.8775934
-7.6278321
-2.3566376
-2.0824871
-3.0193927
-1.430097
-1.3380435
-3.7431543
-1.2673144
-4.6082056
-4.5002109
-6.8787868
-1.3518417
-2.6880243
-1.2262183
-3.6158524
-4.2020815
-5.1358464
-2.1385708
-5.6697979
-3.6621933
-4.5562667
-4.6230909
-4.1164358
-0.93551745
-2.3545568
-3.7436257
2.5272888
-4.548018
-4.1662807
-3.124272
-5.9427171
-2.731021
-5.5391635
-4.632878
-4.1000231
-3.7419538
-1.3120288
-5.949377
-2.425911
-2.237642
-1.3415347
-9.0566473
-1.4808356
-3.0490947
-1.4922807
-5.0187183
-8.1555774
-9.184253
-6.1631378
-4.8284888
-1.8061239
1.7084841
-5.8492996
-10.821126
-1.8723007
-1.4904358
-2.9199529
-2.767352
-5.9494891
-5.2443265
-9.0433933
-0.25398526
-5.0290236
-3.7145449
-1.3444667
-3.5776028
-5.2660322
-4.3520323
-3.3032785
-3.9414535
-1.4267711
-3.6370236
-6.3566524
-4.4571941
-6.7157213
-1.2287161
-3.725851
-1.5687808
-5.7456094
-6.3877967
-1.2272994
-1.4235813
-8.734737
-1.5811842
-1.3498227
-3.4281704
-5.059873
-5.9572381
-1.8657243
-0.62479536
-2.2065742
-1.4063968
-0.24585086
-4.3633368
-2.9160866
-7.8794769
-1.7909909
-6.5293507
-2.8659045
-1.3945314
-3.4224127
-11.153237
-1.4063375
-2.3309897
-1.4853436
-1.2059943
-1.3786437
-3.3906787
-1.1709753
-7.6477423
-3.8463894
-4.14602
-10.286559
-8.5848143
-1.1969321
-5.9977566
-2.9625936
-5.3672022
-3.9885956
-1.1601647
-3.2285148
-2.3554335
-1.5107071
-1.199626
-10.247709
-1.3522533
-1.4905522
-2.8220258
-3.3310532
-2.9755453
0.3202047
-4.2543658
-5.3179183
-1.3574978
-1.2878594
-2.9945172
-2.8171615
-3.2332857
-4.3557114
-6.4296063
-4.521719
-1.2217862
1.1534672
-1.3110587
-1.3088652
-1.3626796
-5.5877451
-6.6130477
-1.5460793
-4.1107993
-4.4910132
-0.34809381
-6.6079614
-1.7902106
-2.6693556
-6.6482616
-9.1723134
-1.8195336
-3.9909492
-7.5299602
-6.2695288
-1.6112888
-11.319009
-8.9310051
-4.5493736
-2.6025789
-1.3313568
-7.1308658
-3.8054998
-2.2672839
-5.00058
-3.4347838
-7.9018213
-2.8990701
-4.2916104
-1.3070174
0.0049069985
-3.5202368
-1.1557074
-1.2253727
-7.6664415
-2.7391744
-1.1643529
-8.1757897
0.75049191
-1.370474
-2.4969421
-4.7220554
-2.9092887
-3.6546758
-5.0126968
-1.1643533
-4.6933405
-3.0709505
-5.55637
-3.4577489
-1.2634199
-9.5456077
-1.444622
1.085687
-3.9337549
-1.4373587
-2.6433897
-8.8228602
-2.1478584
0.24618099
-1.5120752
-2.0602156
-1.3594841
-1.4484066
-1.2900363
-1.3170072
-3.1241148
-7.6164197
-1.9165548
-6.0453651
-1.3794419
-3.0475799
-5.5533675
-11.007554
-1.2367267
-1.3384772
-1.4606114
-1.216241
7.2596835
-1.581511
0.21485019
-3.3875767
-8.1065135
-0.10036882
-2.8773
-5.4879339
-9.5269582
-1.3562407
-1.5569212
-5.4933277
-2.5103178
-4.3466408
-1.2875053
-6.99452
-1.432681
-3.166723
-6.8553615
-2.4494216
-1.3862945
-2.7691094
-2.0482342
-1.2366294
-1.5293731
-1.4374362
-1.3509318
0.30092586
0.15187768
-2.5717403
-2.3858916
-5.6610919
-2.0533221
-8.6146511
1.3408707
-1.2858353
-4.621998
-1.4258129
-5.4271091
-1.5198666
-1.3914754
-2.6008153
2.210931
-1.4920867
-1.2743191
-1.199108
-4.6570705
-1.0662503
-1.3206891
-1.2060441
-1.2461729
-1.3251011
-1.3501069
-3.1236202
-6.8378074
-5.5908224
-9.3143377
-3.3244978
-1.7915753
-10.836178
-1.1682852
-2.4170473
-1.204941
-5.5684891
-2.5299192
-9.9745328
-6.9040595
-1.3506343
1.2581042
-7.6693817
-3.4006299
-1.173302
-3.5767458
-4.9961218
-6.7075826
-2.9221408
-4.1942458
-1.353773
-1.55037
-1.2948469
-7.709048
-4.0667317
-4.0637724
-5.2858893
-0.96720972
-1.3192963
-1.3338179
-1.4442324
-5.2110442
-6.5148571
-2.4051703
-5.17415
-7.0585229
-1.963046
-3.9089675
-1.3781965
-1.5003872
-6.4294645
-1.4463275
-5.108966
-1.2316032
-30.815513
-5.4540532
-1.2724803
-4.9531987
-3.9850789
-3.4337439
-4.7089318
-1.5656309
-1.2118316
-4.3893013
-1.599246
-9.6562532
-2.0252813
-1.7330249
-1.5646587
-10.269392
-2.1876634
-3.2367499
-2.6959847
-5.7163595
-1.4349185
2.3809487
-8.3119918
-6.646289
-5.7665148
-1.3584096
-5.1336452
-2.4250668
-1.4705579
-1.3463658
-1.4316976
-12.627179
-7.3340254
-4.9254733
-7.0442785
-16.560152
-6.2194773
4.162252
-3.1583898
-5.2014344
-6.3244023
-3.5759555
-1.4233666
-9.1384044
-4.8872545
-1.2787613
-2.6210112
-1.2732655
-4.4852076
-4.6736539
-5.3916479
-0.91084238
-3.6932079
-1.3681342
-1.7267281
-2.3554335
-1.2337731
-1.3127931
0.20170837
0.069851286
-1.293434
-1.4233666
-4.8341559
-1.2605541
-10.087485
-3.2485071
-3.8210376
-1.5673917
-5.4186069
-3.8892134
-1.3933332
-2.967063
-27.005834
-3.3136254
-1.4741591
-3.7460315
-4.0179145
-7.9640429
-2.1281561
-1.5394517
-1.3728551
-3.2652387
-7.7103216
-1.0344076
-4.5826456
-3.0825188
-0.29096428
-2.5494243
-10.188962
-1.4342843
-2.5912276
-1.3621181
-4.7145605
-1.2375996
-1.4246083
0.24956456
-1.3318687
-1.4688014
-6.8878171
-1.2533912
-4.6033586
0.93443162
-1.840932
-7.7913106
-3.2844366
-1.3051842
-2.0021718
-4.339636
-2.9721933
-3.5187561
-1.2314046
-1.9892312
-1.2882168
-1.8899359
-0.9616621
-1.5815098
-2.40025
-3.9848235
-1.2925983
-1.3185445
-5.0195975
-3.0765701
-1.6523415
-1.2654147
-5.368582
-6.9209033
0.076910308
-11.784326
-1.1786188
-10.192082
-1.2137489
-4.1390857
-1.1997979
0.78771648
-10.937022
-2.6670119
-7.3170005
-1.3861611
-7.0797423
-5.1167063
-5.3496502
-1.3287644
-4.8293027
-1.5503566
-1.0763567
-7.9789503
4.9924067
8.2264697
18.813533
12.269637
12.617595
18.847972
15.325229
7.311427
26.117181
12.893502
19.967008
24.643901
11.421207
20.23884
10.409778
13.644404
21.101918
4.7640071
16.9282
2.7380226
2.834144
19.922291
11.49762
12.089558
12.280525
9.985028
36.511827
21.070469
16.711345
13.345011
7.5405076
21.300659
8.130176
20.539531
22.470652
14.828371
6.7667423
19.697963
10.07441
7.6009102
13.95689
26.137393
17.556104
19.95411
8.5072705
6.0297281
16.110878
7.4398022
13.120568
21.560374
26.656635
5.8689431
21.112731
3.5441373
15.227868
13.632921
16.155815
22.708791
18.274698
21.34432
10.105326
19.712822
12.07502
18.118389
23.411914
16.051648
15.489507
8.6935669
19.787949
10.699748
8.4703573
19.207751
19.971478
5.3879333
13.907617
24.920908
5.8133305
7.7736357
11.940862
17.24956
26.029188
13.770023
17.856604
15.49841
11.590776
14.705522
43.427011
16.818316
12.140823
14.857184
9.1610711
15.371814
12.608407
14.162847
15.100895
15.373705
10.319985
18.954422
11.384633
26.037577
6.7915936
16.51611
25.715408
12.098435
18.78767
18.38155
20.605277
7.0936529
16.49913
10.190342
14.287325
18.936993
13.383573
15.685587
11.689121
15.479407
12.368828
22.918055
14.777564
14.405696
6.6248968
13.575812
12.465765
15.295049
13.510015
5.891774
11.091645
21.054875
1.4507546
7.9880498
19.141373
15.075283
11.843415
26.578661
14.752465
22.408946
25.025166
11.536033
22.285592
12.839646
21.976314
6.6273944
12.417719
11.142307
25.459681
9.8681478
33.781412
20.324761
13.248844
17.857433
17.989959
14.389711
27.332843
11.079938
18.067032
4.3739679
18.911607
30.200867
17.285111
13.616767
13.751469
29.597395
7.6545256
10.853941
20.060786
22.959304
18.810715
5.2013642
17.388866
23.545022
17.246637
15.176802
29.024857
23.80636
0.60863696
10.561438
18.28592
21.968646
17.450098
6.3610474
7.9981008
9.5954006
18.266253
9.1871998
15.721115
17.59733
21.590495
27.385847
10.128984
9.5756736
3.2145842
4.9511142
17.122472
24.662625
20.539193
16.497857
7.6475855
16.088263
19.421406
23.320527
9.447919
26.548382
18.757039
20.227382
13.25023
9.8374892
6.0602945
12.983376
16.454972
16.924373
9.1855418
19.863122
18.92142
22.387039
17.6519
19.139312
4.9558547
22.064924
12.130689
16.81693
12.823599
19.781464
8.1958973
17.155974
12.960131
7.2286612
26.198827
16.973145
12.561006
19.362152
18.970433
16.774672
9.1636472
26.891023
24.937327
19.630344
8.9530679
17.602552
20.688169
17.647122
18.060778
14.405289
15.440275
7.3041655
12.156433
22.781921
14.659037
7.5416057
0.37926687
8.8455015
18.562087
16.496177
29.980653
13.76798
18.45814
12.700611
23.66887
12.068043
8.8367422
15.485236
8.4062594
19.678059
9.9005829
19.275669
14.898919
9.8660003
14.383183
6.1041965
13.956624
5.4694892
13.250519
18.454285
17.942194
13.900121
9.9700788
14.034854
11.662013
14.189973
11.348018
23.623072
17.831036
10.070783
19.970115
11.426129
16.796887
5.5994607
7.3931949
15.1798
17.857033
26.277919
13.936068
7.8574042
14.099131
11.646357
14.794405
14.622547
12.414784
10.593616
24.382552
13.351976
7.3103593
38.635274
16.107226
18.568091
13.895781
10.933169
7.396948
28.655427
14.035692
15.013721
8.4884822
11.383325
10.425366
14.853686
14.114932
3.0591875
14.145063
14.894325
14.345787
10.126448
24.540849
4.8631281
14.754267
8.1190751
2.9322718
5.8254585
16.05464
10.453258
15.163005
4.1016354
24.550642
17.944836
20.05094
17.969939
16.980171
25.001628
24.234578
6.6049694
23.657077
5.6257675
10.083704
3.3641729
8.7609669
6.5955288
15.825687
17.708649
15.237011
7.1096069
22.619082
13.787219
20.063127
19.031443
18.916964
6.0197283
12.581477
22.04592
14.775946
12.995811
8.1505295
9.1810011
3.2270595
23.469958
20.176933
14.539204
7.7742036
22.367185
15.625942
17.963419
19.938214
10.423265
15.481992
26.573864
15.482158
6.6319693
30.43115
19.301298
7.1515842
3.0923414
19.010197
22.546726
12.275605
12.313717
17.610454
16.471053
21.661422
11.045374
19.225043
12.014171
12.976944
14.665814
10.085745
31.327912
6.6707121
22.70388
18.365588
12.137685
7.7584721
21.117317
12.253459
13.647967
18.505244
12.921537
24.254473
22.699604
16.228733
8.8240735
10.081056
26.237935
11.53702
20.688962
9.1884371
18.273024
14.216375
12.686212
13.390617
7.6573149
19.870594
22.60545
16.819579
13.175125
19.815358
36.43781
15.37679
13.522106
11.859774
10.689442
14.17672
23.007536
13.533986
5.4973394
20.499311
16.709348
15.594988
5.5745859
5.4393496
17.864628
17.557662
15.380889
7.0912892
10.951628
17.24502
15.21604
21.281455
8.6151799
17.469538
8.0304411
14.080602
9.837488
26.208842
10.33025
5.6395204
25.437081
14.293129
52.128047
17.764881
48.097107
14.849206
26.076678
11.30161
17.457118
9.4555896
20.237497
16.507429
13.239797
22.518229
24.277267
18.756329
16.503928
12.84941
24.800312
15.480741
17.310458
21.905128
11.070049
13.48873
19.426729
9.1468557
11.060692
18.059315
12.130379
2.0970915
10.255395
5.5659764
18.97139
0.060875911
16.227274
10.064857
13.247373
6.9140264
10.737199
17.915996
14.762626
24.502393
12.688745
14.156779
18.185373
26.185909
12.565285
11.507569
16.245524
-3.8439388
-4.9670063
-14.43099
-1.3148873
-2.0794184
-10.020703
-3.4522915
-1.5751421
-1.9530438
-3.1668142
-6.2790479
-5.1814086
-1.3252047
-3.6415044
-1.3122445
1.1936104
-1.4725982
-4.574185
-1.5505495
-6.3499021
-4.907406
-4.6327045
-0.57309839
-1.252967
-13.592433
-7.0683834
-1.9591698
-1.6248231
0.23229957
-2.4384396
-6.7902822
-2.0161405
-1.3780824
-0.39950055
-1.9146988
-3.5128841
-13.399253
-6.3958693
-2.0272972
-5.0646348
-5.8967782
-11.15633
-1.5204811
-0.60956145
-2.3622452
-3.3451945
-1.5351154
-1.336803
-2.5010132
-7.0013347
-7.9014956
-1.3521963
-15.41329
-2.6324677
-6.0665181
-12.972123
-9.3661141
-1.377867
-2.0247922
-3.8511074
-7.6114854
-5.0199573
-2.8394402
-1.9961467
-4.5438379
-0.62787447
-1.4694614
-1.2419785
-4.1777819
-1.2628238
-1.2884433
-5.2653015
-0.49857756
-6.7323635
-1.146013
-1.2414453
-3.3389355
-7.4769206
-1.0126766
-1.3463904
-3.2123651
-6.4720676
-4.2776151
-4.3625006
-4.2327886
-8.0286936
-7.8586351
-13.026172
-4.0307781
-2.6664831
-18.17066
-5.9987113
-2.1670247
-1.3783302
1.1259664
-7.8987239
-2.2161013
-5.0980132
-1.1002982
-5.5299821
-7.0090572
-5.0418542
-8.0682923
-1.8830444
-11.112807
-5.4826194
-2.3951764
-3.4195497
-5.014445
0.51076731
1.0508727
-8.2516739
-1.9469093
-4.0921108
-4.9955432
-0.62260606
1.0976996
-1.4750631
-7.6943996
-10.880965
-1.2768959
-7.3938084
-7.8463132
-1.710955
-3.4174305
-3.2398394
-2.1736361
-0.050869559
-11.131757
-2.1225872
-3.595139
-1.3435968
-6.8616523
7.6910356
-3.6913112
-0.61155617
-1.5536563
-6.9968913
-5.1314445
-10.106768
-5.4628169
-6.9877256
-3.1954492
-7.654648
-1.2266731
-3.7233532
-4.8996495
-12.685009
-1.1658365
-1.348672
-2.5295092
-2.7224563
-1.7314606
-6.6313704
-3.6483245
-2.6883069
-8.1041425
-3.5166536
-1.4522837
-9.483564
-1.1407767
-2.9861889
-4.9306199
-1.5447304
-3.9038773
-3.7935998
-1.3697061
-2.8098768
-1.4025871
-5.4331976
-1.225195
-1.2721608
-1.3726916
-1.4027574
3.9687854
-6.0142579
-3.633179
-3.5792281
-9.3617237
1.6281892
-11.981699
-3.9201142
-6.9595549
-4.2580986
-1.1397494
0.14591713
-9.030545
-1.559443
-1.3093797
-1.5117532
-9.567548
-2.0675535
-1.3835133
-1.0828091
-2.7771598
-7.7028166
-3.8577902
-1.4448868
-0.55163238
-1.3488334
-10.490963
-6.891854
-1.3848735
-4.8085524
-1.4092472
-11.198904
-1.2917764
-4.1186719
-1.3388262
-6.5966554
-8.6900946
-3.9962415
-1.3500169
-2.2793349
-14.460367
-8.9411763
-6.5607451
-2.4743409
-2.3198276
-1.1786597
-0.4156279
-1.8984555
-1.2298735
-3.5000714
-1.8822757
-0.4393777
-1.3058841
-1.406029
-5.1161376
-2.9835933
-2.9188359
-5.4610173
-1.2834754
-3.2617843
-4.3186145
-1.7068235
-5.6076097
-1.4392003
-1.0373397
-1.350655
-3.3531777
-1.9452332
-3.6057704
-1.4978454
-4.36142
-1.741903
-1.4101299
-6.7588444
-2.4310571
-1.4749164
-3.6878843
-2.8183985
-6.313599
-5.1950879
-0.18073481
-3.4408999
-1.7006391
-4.5967008
-5.205944
-7.1450285
-1.7125495
-11.592561
-12.70159
-1.2916191
-3.3164165
-1.4506425
-1.3426423
-6.561158
-1.8506254
-17.579228
-2.0890753
-15.613125
-1.6439783
-1.2952574
-3.1603298
-4.9186161
-7.6323994
-1.3142066
-3.5157256
-3.4307913
-2.0773064
-3.9703967
-7.1485612
-1.3173185
-1.2787001
-5.0731392
-2.4652027
-1.2913043
-1.7239798
-9.9663394
-2.2564577
2.5680999
-4.9993152
-2.204446
-1.2961415
-2.8669286
-0.46499484
-4.8171403
-1.3424964
-2.5822792
-7.9370974
-4.4964641
-0.81692778
-8.9639694
-4.6972585
-1.4069473
-5.4688822
-4.3064977
-4.9019381
-2.5112723
-0.51248515
7.2866719
-3.6596184
-1.3411097
-11.595009
-3.8322536
-2.8598154
-0.69919488
-1.3956251
-3.0456228
-6.3719015
-1.3260614
-1.4301259
-1.8669247
-1.1821616
-1.5129593
-8.1539837
-10.376291
-2.9044642
-3.2088784
-1.4087545
-4.6724863
-1.1005709
-7.4516773
-1.5481757
3.7827388
-3.0714155
-1.282894
-1.2777318
-11.191205
-1.4532556
-2.3606138
-3.9992531
-4.2073796
-8.7069984
-5.867696
-4.362928
-5.6788772
-4.5401491
-1.2154373
-2.8930461
-10.55302
-10.22318
-6.5189439
-13.936285
-1.4297093
-9.8885439
-2.3444483
-2.2340247
-3.1004253
-7.0951265
-4.3313271
-1.2392055
-2.2726226
-8.5861085
-1.485936
-1.1638169
-9.4972835
-4.9505305
-7.1214465
-1.2943438
-8.4508096
-4.9313801
-4.454745
0.43522181
-1.2265745
-2.200486
-1.3639696
-8.1348453
-5.6198274
-7.2229059
-8.5953383
-1.5159477
-8.7715231
0.24317916
0.40258262
-1.4009255
-5.1728427
-8.3067038
-3.2461701
-1.2786384
-8.0456977
-1.8713043
-2.5769437
-5.2414951
-1.1865119
-7.8099719
-4.1146011
-1.4708669
-1.2995264
-5.369597
-2.2071978
-1.3146044
-6.4884473
-1.4954539
-3.4538672
-8.1971664
-3.5799542
-3.0329778
-1.9513677
-0.3308073
-4.9210293
-5.1239595
-9.5474871
-2.7044777
-2.9686051
-0.46288712
-7.3408445
-12.235147
-1.2730377
-2.2993169
-1.3485625
-3.9102549
-1.1889214
-3.6142002
-3.1134546
2.6878171
-2.8215408
-2.3361381
-4.2492062
-4.2467944
-1.3661217
-1.375256
-10.919558
-3.632385
1.8349738
-1.3864665
-3.0578227
-1.3708569
-3.305382
-7.4265698
-3.7152841
-5.8923242
-7.9965134
-6.4765178
-7.9679535
-0.91667
-4.1186719
-1.5175556
-1.4167812
-6.0031838
-1.4456353
-3.3719687
-4.7488887
-4.9256092
-2.6533613
-1.8603799
-5.9510936
-6.0782341
-4.3824702
-4.7754849
-2.5643573
-1.3179519
-10.100757
-6.9902873
1.9627088
-8.3574444
-2.028138
-2.8629172
-6.856459
-1.5456807
-1.3487041
-8.1558561
-0.60130785
-6.403439
-4.7862034
-6.9763177
-1.3885605
-1.4274201
-1.9296826
-1.4714354
-2.7054974
-6.5631987
-1.7524931
-3.0797106
-1.4213909
-9.2815955
-0.1193586
-1.2827852
-2.8957902
-3.0060384
-3.5376086
-0.19707657
-11.08047
-3.4013976
-2.2578509
-2.2717443
-2.6176877
-1.2372218
-3.4269426
