-11.999089
-4.4538734
-3.7693722
-7.7880746
-4.3534028
-10.627378
-7.7583307
-8.3787648
-1.8919327
-6.3068739
-11.609305
-6.187751
-3.9983507
-2.3044324
-7.9253158
-5.3804929
-8.6105245
-3.678782
-5.8707982
-1.9937783
-3.2888856
-7.2424751
-21.06763
-4.140438
-4.6084141
-8.9514308
-17.844719
-4.3444913
-5.7578613
-3.7439061
-6.3788463
-2.491762
-6.7820377
-2.6153814
-7.070487
-2.7016112
-3.6804508
-8.9077619
-7.6629025
-5.1291041
-9.8542404
-3.724493
-4.568325
-28.851004
-10.256411
-2.9160379
-8.7198399
-11.080933
-2.7940734
-6.1697969
-5.3720107
0.55338577
-2.8910192
-15.464011
-4.2571201
-17.066226
-11.010446
-4.3153966
-7.2567652
-10.491368
-2.6937657
-6.280968
-0.48123529
-19.404521
-5.7278209
-2.7142277
0.5581695
-4.3327239
-3.0556002
-22.010972
-1.6825627
-9.4921046
-6.0452704
-5.8359208
-1.309135
-11.64992
-4.1488069
-20.212023
-13.554525
-4.2647144
0.57015591
-2.235717
-2.5513197
-30.421344
-18.258167
-3.9797661
-6.4834298
-4.0398501
-5.9372901
-5.0872245
-2.8188427
-4.80724
-17.416636
-14.413027
-26.966085
-3.0430453
-6.5273785
-11.060347
-8.4405038
-7.5253385
-1.0592266
-9.7768033
-12.689198
-14.365049
-14.031237
-13.229153
2.2426376
-22.758448
-11.471255
-6.4788881
-12.226188
-10.558061
-8.7374415
-18.536515
-6.1937165
-9.1365561
-13.559826
-12.048211
-17.181584
-9.8216849
-2.0197089
-4.1245195
-6.7466278
-20.606404
-4.9203986
-16.908224
-7.8423476
-11.380706
-14.797155
-3.5438507
-7.294048
-9.8114834
-4.3977699
-18.598186
-15.771028
-3.8292874
-1.9718122
-28.863462
-17.576828
-5.7259142
-2.4964786
-8.8697156
-11.946733
0.63716343
-9.3236297
-14.85405
-5.0159662
-3.3217661
-7.8069458
-4.9172632
-4.457283
-6.4528601
-19.145357
-9.5904151
-11.16977
-17.053262
-19.427608
-14.710127
-18.475061
-3.2849309
-2.5163988
-11.367578
-13.821872
-23.807428
-2.808421
-11.408185
-11.368445
-10.984896
-6.4906402
-2.8328226
-1.893967
-1.9745362
-2.4404564
-9.8240076
-8.3937654
-4.4165934
-11.146753
-18.248162
-7.5520985
-5.2630953
-27.953631
-0.41806876
-7.2919007
-6.3293317
-5.5267394
-20.850733
-12.88439
-3.2615586
-2.8496256
-10.778959
-6.6099635
-16.329366
-2.3664104
-17.135723
-5.8245468
-6.690577
-2.9643048
-8.4324672
-4.6769674
-10.775636
-10.672961
-3.6516417
-3.7383594
-10.70668
-2.6000313
-11.751447
-10.353956
-21.502642
-14.28784
-2.7049423
-12.154425
-18.020151
-4.1794334
-8.8313682
-3.6542671
-11.336424
-11.42605
-1.8343601
-9.6888406
-6.2163861
-3.1781254
-14.138123
-11.928598
-2.2065902
-5.2513245
-7.7875198
-12.305556
-2.7130691
-4.7244651
-12.576422
-31.164418
-7.5360925
-17.809677
5.0086021
-9.0389205
-12.470633
-12.01796
-21.42445
-15.465956
-2.9820378
-3.0464423
-10.402335
-14.312641
-4.2371994
-2.7990892
-3.6981623
-13.044364
-3.3094824
-2.1636607
-6.3171105
-3.1607412
-2.2059616
-7.2709443
-4.8384982
-6.5326356
-6.7826684
-5.0791645
-6.1105042
-5.3888698
-20.179975
-22.109356
-2.7729103
-8.4674033
-11.425236
-4.3247845
-10.079071
-5.1100015
-5.4164976
-4.9403845
-1.838272
-4.8052812
-24.290487
-4.1665717
-11.483874
-7.1599403
-2.4696658
-2.8043444
-9.0819496
-5.2361881
-11.78186
-10.701844
-15.696914
-7.9383417
-10.899235
-10.433252
-8.862185
-11.072788
-4.6307943
-7.0461678
-3.8525215
-2.8965741
-14.671788
-3.484958
-11.979091
-3.3672626
-3.6301282
-11.484559
-8.6243061
-9.9077809
-2.4042451
-2.3047984
-16.179997
-10.657972
-4.8404135
-3.1813598
-9.9908137
-4.6476358
-20.268973
-2.9411586
-11.541127
-9.691992
-9.8749169
-3.2829087
-3.198688
-5.418455
-7.5489473
-14.571441
-3.2225557
-1.6185928
-5.6029582
1.1067538
-7.9263512
-6.7922798
-6.2194867
-9.4294146
-22.85666
-12.779789
-3.7712183
-8.4630164
-8.0098224
-2.8071735
-4.7805833
-9.9256825
-9.4825686
-11.048595
-8.2923816
-2.5879315
-10.358562
-5.8616859
-28.131221
-7.0378357
-1.7775157
-4.6102257
-9.7077659
-6.6878512
-2.6356092
-11.717256
-3.4247507
-15.881364
-5.6162884
-10.123418
-3.9858129
-16.670423
-10.394321
-11.180684
-9.2103392
-6.8624095
-15.677796
-1.508896
-3.6089496
-17.390686
-9.573431
-3.9939499
-21.771979
-11.514225
-13.400061
-7.625751
-1.9948417
0.20025348
-2.4002187
-16.481896
-7.1441461
-5.9740349
-4.1463034
-26.677792
-22.95872
-21.00807
-14.464208
-2.0178119
-3.6919682
-12.396862
-2.7872616
-4.8924175
-1.6489357
-11.268774
-15.186637
-2.5940991
-6.4982586
-6.3590513
-10.538834
-5.4757963
-10.594584
-11.811654
-4.0206991
-17.918567
-3.4011892
-8.347407
-4.5313023
-11.342852
-5.2512173
-2.2293047
-17.233008
-3.1591875
-2.4946807
-9.8354128
-2.7120094
-3.5399822
-8.4467372
-14.227519
-15.343896
-2.6776461
-10.340905
-15.387556
-11.86777
-3.1202357
-2.1355768
-7.3124602
-1.9173899
-19.581973
-3.0744622
-5.9520148
-7.0000948
-15.148922
-4.7543278
-7.8643346
-1.685078
-3.6078699
-1.2262633
-3.8221026
-15.648791
-7.6547808
-20.117817
-8.4919165
-13.119665
-3.3960229
-5.6630505
-6.2364315
-22.436473
-15.296459
-2.6372256
-4.1659624
-3.9205331
-3.49753
-10.162332
-4.7481903
-11.792206
-9.790665
-4.7119524
-14.449247
-10.571895
-5.3938037
-22.636679
-1.919385
-6.8358765
-2.0698404
-23.095353
-9.8667359
-7.0605959
-7.3430829
-12.830002
-12.188109
-4.7855671
-9.7461445
-16.863738
-7.152616
-2.4694341
-5.1607783
-21.805221
-2.0685361
-1.6807277
-3.3529589
-2.3050526
-6.8054938
-4.0573686
-5.6499714
-2.5745658
-5.1739734
-5.9199196
-10.177733
-11.80984
-2.6767912
-18.962156
-2.7293888
-5.3227578
-3.7301391
-9.7929177
-1.7053352
-19.488868
-4.252579
-4.3942132
-27.339393
-3.4518144
-6.485805
-5.5900079
-1.6149956
-3.5758943
-10.284768
-10.550359
-18.371049
-13.055171
15.91613
18.791883
17.535895
13.688363
25.14093
15.572704
8.5125743
17.639164
14.437316
2.2364784
20.415409
6.5133202
9.8503649
10.730106
17.437637
11.126303
9.8897083
24.253632
7.2454596
15.764832
2.6393741
12.695269
21.146246
15.368839
12.240049
9.2297224
20.182408
8.9654756
21.4742
19.143856
13.053458
24.202243
13.10212
16.138283
11.04944
15.02697
11.425349
19.957441
14.222601
21.659762
15.428237
13.141217
9.1495862
7.0800157
14.892043
22.84467
9.0884319
16.667934
13.033617
7.0843347
9.1723613
26.13506
7.3554679
21.188428
11.548188
8.999076
11.852736
18.334981
14.609487
8.1790691
11.503573
13.493361
8.3499834
24.513623
12.040755
8.4827774
8.3718752
10.818959
22.270618
13.362725
23.471299
3.0771326
10.360629
18.582181
16.107047
15.417525
25.724432
17.862048
13.260137
6.627246
10.468598
16.589709
18.717455
2.1718409
14.777302
20.777947
6.6037488
16.16464
9.8526263
11.439531
9.9328434
12.548461
18.6255
13.752575
15.855007
10.724806
6.6485039
8.1884459
14.810303
16.312629
9.4755032
12.702748
12.271596
13.631387
4.6149222
7.644106
7.1173768
20.053604
9.8994925
4.6692101
13.369335
23.578707
21.541865
13.367833
9.3320846
16.186265
14.626963
9.6617717
6.3356284
8.687726
15.773877
6.4890801
7.2745818
12.490833
22.904313
28.239145
18.988661
12.7698
18.559548
7.6094619
30.145117
15.19658
7.3723914
6.4715953
8.1799139
16.086146
14.001495
11.627015
23.346116
11.376672
12.240964
31.69097
15.669934
12.581021
14.772677
10.730596
19.347404
12.327433
6.4661604
12.044063
9.1539889
23.203062
8.7184926
21.743245
16.054906
24.740284
27.262368
16.902642
8.7704909
12.175477
16.316095
9.3550799
13.383707
14.446624
15.42104
14.866258
16.122251
6.6138635
22.752587
18.555858
8.513538
10.674666
8.2192107
13.707399
13.686007
17.211733
13.030798
8.3433225
16.22371
16.056304
6.3179205
20.861035
15.011779
8.8376824
16.003267
33.830822
18.02874
15.299299
28.977185
13.762965
22.601752
27.156577
23.950149
13.376546
23.348947
10.295316
9.3980186
11.504716
10.878517
12.963906
5.8077431
18.099769
9.5682177
17.881181
11.872371
5.5372436
12.757422
4.7517465
9.0018242
22.390358
3.5381152
6.5807648
24.701308
11.008967
14.008953
15.213938
17.217366
16.782595
14.087057
9.4026398
2.6800979
14.623477
12.537625
22.456424
14.295895
4.0132289
15.77878
13.425808
11.156743
12.875952
16.723357
17.414418
31.085094
15.100238
13.336567
11.638754
8.0063166
9.8104426
16.932498
11.128082
9.2267993
12.657576
13.399735
5.3991138
13.547896
14.408591
15.205893
22.057806
23.578559
5.7804755
9.1547051
13.605468
4.1850847
5.1251881
11.879344
3.4642971
11.760918
21.681597
5.990878
21.043863
15.187763
17.298636
10.844417
16.267947
12.315958
10.463023
14.613997
9.1243676
13.728094
4.5984073
15.718183
17.51298
12.488102
12.284052
6.8861503
4.4931967
9.2563534
12.702005
11.857393
2.1477612
5.77096
5.6022229
8.6261359
19.443716
17.799357
9.6073896
13.928257
8.9938734
9.6437907
12.233339
11.310434
15.945089
19.284564
5.5483032
10.740444
4.0496095
18.348573
10.730444
7.1430006
13.691666
13.812863
12.349836
3.2375652
8.7188254
11.12722
13.742046
9.370355
18.016923
15.540479
16.974569
4.7837845
1.6312263
25.052653
6.0959732
16.398196
2.9029973
13.658171
16.217674
24.869709
18.958004
6.4513844
10.072829
17.874913
20.739779
15.658823
14.811334
13.362487
22.072922
13.155002
18.855482
16.670145
14.061313
11.501638
20.895334
15.096607
8.8382124
16.927717
11.378592
12.118925
14.39031
24.237279
8.7498253
23.394581
8.9964015
8.2988307
20.174062
9.3093595
12.472257
11.089868
10.437382
26.502769
17.012904
12.261
7.6139135
88.548023
16.831666
10.039004
13.767169
10.557565
13.315643
8.6762249
11.712105
9.21394
16.354515
20.203984
18.909628
20.193562
10.490624
7.9998132
24.275203
6.2728681
12.91957
8.9942008
10.199319
17.700265
3.9112516
20.442271
18.064447
6.3944763
15.879933
10.008998
11.996639
16.587986
12.976
16.490241
31.337053
11.118563
18.971871
27.654144
42.696947
11.883498
10.693843
19.804081
13.475457
10.097851
5.3204932
15.855193
22.349991
16.243249
21.828917
24.572989
13.366496
12.509371
3.8156168
19.447914
3.0143358
16.193026
15.078708
14.000226
9.1539889
9.4781056
10.09539
11.093149
8.6730236
9.089657
15.855193
14.828716
9.4738478
27.773442
9.150012
12.579116
9.0433139
13.287927
9.1018237
14.807938
18.946974
69.597384
34.731574
17.691572
12.560937
9.9497215
9.1558845
15.171417
19.971219
17.642139
21.531191
14.21966
8.4383964
10.464573
6.2505661
10.113147
21.0995
32.379378
18.872579
16.923518
13.68981
17.337281
7.7399879
11.307168
10.95158
6.0854126
17.938234
16.983122
13.550403
17.271175
6.7396341
18.279937
12.980841
17.364197
12.103343
18.917241
11.384086
13.148693
11.332493
7.0050242
11.432245
2.2398151
19.324922
12.567317
15.862785
16.668688
16.335876
11.258892
12.347089
18.019913
12.75283
13.368852
7.6535683
19.007779
19.37473
15.865259
23.367352
4.1288611
15.036501
8.8489437
15.479766
8.0063083
0.58822476
26.78707
13.993363
30.439875
10.394222
21.673792
9.9008262
22.834758
8.0015982
15.411768
12.759763
4.9052722
21.347584
-1.9704193
-1.0035371
-5.0134537
-2.5953121
-0.86676009
-5.1841273
5.5374967
-2.0701821
-6.5367707
-5.8145674
-5.2707874
-6.5830061
-6.96851
-8.7364252
-2.8798024
-4.0749652
-5.0689645
-2.2122164
-6.9120443
-2.1858499
-1.7025963
-3.857785
-6.597666
-2.9489214
-4.5736763
-2.6981394
-16.140167
-10.860754
-3.0053939
-2.6523869
-3.5395081
-8.8849923
-2.4040154
-12.30552
-10.430503
-6.4855156
-2.0697531
-8.8440805
-7.0515209
-2.3654944
-2.6007866
-7.4508854
-5.6842793
-4.2155173
-2.2836965
-2.067393
-3.3872558
-1.9216497
-7.270908
-10.371288
-8.0873641
-2.6519686
-3.7575099
-1.6597883
-1.3745491
-5.8330577
-3.2353545
-6.6448203
-6.3734133
-5.1781229
-0.90287754
-12.332107
-3.5383485
-8.9513962
-11.559742
-9.5262141
-9.047848
-6.0126443
-4.6732126
-10.345162
-4.467527
-5.1071892
-4.5332504
-1.8773633
-3.749673
-3.892088
-4.6383282
-4.0599567
-6.9702188
-4.3922238
-15.729792
-2.7023705
-5.1784538
-3.055235
-3.9797515
-2.9083089
-19.421833
-6.8564304
-5.2810288
-3.1731951
-5.7771582
-3.4799157
-2.8818782
-4.5438449
-3.1448481
-3.7215619
-7.9451507
-2.6694007
-8.6461071
-14.720483
-0.71039858
-7.6515109
-8.6527549
-3.6933134
-8.1287063
-6.7273237
-8.6957465
-4.1360414
-10.605741
-2.9115639
-3.874843
-6.4841391
-8.1852643
-3.9454593
-2.3690386
-2.8450443
-5.1231578
-11.463121
-8.2953481
-5.9303717
-3.278396
-5.5114052
-7.3432643
-5.0940268
-7.3437778
-2.2710303
-3.0769066
-8.5056438
-3.7235946
-3.8950397
-6.9925331
-3.0110067
-3.147399
-15.767118
-4.4009965
-14.774862
-3.9442325
-6.370194
-8.2335784
-2.508371
-21.805988
-6.7495285
-4.9759705
-2.1951138
-5.5113015
-2.1338436
-8.4436092
-3.7159627
-3.7850925
-3.1534708
-8.1984371
-2.7303536
-9.8758171
-6.5929503
-9.6234353
-2.3041247
-10.577148
-5.7652089
-3.0068606
-3.0560806
-1.5844615
-16.757852
-1.9170117
-4.1484672
-8.7034453
-9.1460176
-3.8594271
-2.8992092
-3.0544617
-4.7692638
-4.8865467
-8.9794435
-12.43025
-4.9226326
-2.2828333
-4.4892805
-8.2469717
-8.0886362
-3.1849501
-2.861862
-6.4875414
-5.0905057
-3.2002979
-2.0430032
-5.3720404
-8.7148191
-3.234625
-21.684661
-3.0215386
-7.7408206
1.0774742
-1.6163972
-11.426628
-9.4511906
-6.022376
-3.2278915
-4.4720437
-4.2677328
-14.958062
-20.83134
-4.7703094
-4.4634258
-8.3502812
-8.2543161
-2.5695035
-4.2803421
-2.820719
-2.5281688
0.83816476
-3.0340491
-5.7992172
-8.4519072
-2.3438623
-8.2320838
-4.3437397
-3.31264
-2.3605864
-11.736582
-5.5682163
-10.963495
-7.6482468
-7.6733876
-2.5510166
-4.6566621
-6.9761665
-2.5099386
-12.553994
-4.9228831
-6.6465928
-5.7128858
-10.65627
-11.529786
-5.2683718
-8.4313721
-4.3751026
-8.9171629
-2.3710199
-8.1001207
-6.1132254
-6.3690496
-6.2124172
-1.6099707
-2.1957285
-6.2546491
-5.6488925
-12.233812
-6.3961654
-2.5932705
-1.5040764
-2.6909505
-5.9265472
-6.8680797
-12.627813
-2.6641773
-3.4070863
-7.721748
-8.0348342
-3.5396438
-6.4932579
-2.2722067
-1.1595177
-11.526981
-3.1516487
-4.3544352
-3.3989064
-2.5254911
-3.6940562
-2.6193009
-2.7798816
-2.244021
-7.4615032
-3.2284863
-9.5797583
-2.6429354
-2.154857
-2.6645415
-3.2110626
-2.5323572
-5.3038493
-7.8984594
-3.1701348
-5.9525225
-2.0787363
-5.6926368
-3.3557996
-1.0693676
-2.3628822
-3.1626528
-8.3711425
-8.4082102
-6.6103153
-4.3789103
-2.6512538
-2.96304
-3.2619426
-2.5501825
-3.4456755
-2.2240056
-3.4865952
-9.7626725
-2.5087133
-16.831933
-3.2524468
-10.083157
-5.5726439
-4.8218696
-2.491099
-12.446491
-6.6912929
-2.7897544
-9.1909766
-1.3836885
-2.2016035
-12.062729
-2.6940016
-1.2652611
-5.0768094
-2.7816255
1.7515079
-3.450977
-16.876678
-3.0990368
-2.8979732
-1.5955855
-1.44881
-0.64044687
-6.7699774
-2.6386666
-9.0889544
0.68797067
-10.830909
-8.4380954
-2.9328751
-3.169624
-2.8106613
-16.979413
-11.131986
-1.4566108
-9.9139447
-2.183742
-2.982615
0.65760102
-2.2685489
-4.0635771
-6.9028376
-6.7832181
-2.7936728
-1.4567082
-10.926437
-6.2066308
-10.661186
-8.7129169
-8.6656978
-1.998079
-5.1898842
-9.3039239
-2.758465
-1.9726094
-2.3150482
-3.221586
-2.730593
-11.123453
-12.395242
-10.96964
-2.5055408
-12.609078
-2.9664189
-3.9532355
-8.857445
-5.624317
-6.4805391
-8.9396303
-3.1421743
-2.073824
-12.054677
-4.0994807
-2.0423567
-2.6601178
-2.6779516
-11.468619
-8.4638927
-5.2041694
-4.8575054
-13.215465
-6.8456925
-2.4369699
-4.5630738
-8.104518
-2.8157822
-3.0079543
-3.9147986
-22.068006
-1.8011986
-15.751196
-4.8883989
-5.327877
-2.5098669
-4.5883998
-2.550912
-8.3647285
-4.5601521
-0.31424772
-12.566557
-12.812761
-3.0721049
-2.8768782
-7.3997674
-11.987745
-1.3910822
-6.6086472
-2.1286407
-5.8148773
-5.1226183
-4.892178
-4.0068115
0.81148194
-3.406365
-12.182627
-8.4665171
-5.8123457
-7.2875708
-22.879561
-2.8335109
-2.7868927
6.339263
-2.7894728
-0.39744537
-3.9245386
-2.6539604
-2.9631815
-6.5704921
-5.2473878
-3.8122501
-6.288503
-2.3347684
-7.6299343
-7.6078876
-6.7951331
-2.4701649
-2.7277793
-3.1572788
-5.5247768
-9.3484411
-2.5431395
-3.7373685
-1.6466653
-4.6432788
-3.237058
-12.052775
-4.5252334
-11.691864
-7.2188196
-4.2644485
-16.618254
-5.4621376
-15.673281
-6.8476652
-9.3443399
-2.9717593
-11.369393
-5.5677995
-3.4544096
-2.8383875
-2.7404161
-3.6307258
-7.9678166
-4.7818974
-5.4749287
-8.8742885
-4.9570443
-3.6118314
-5.7451572
-11.023779
-7.2355955
-9.9844561
-8.7319834
-4.2739105
-0.85519543
-5.1325625
-2.4231875
-3.3143265
-2.1816655
-1.4248812
-3.3586219
-2.2469513
-6.7820983
-9.2767006
-3.7309303
-1.8617324
-3.6210405
-11.952861
-2.8490948
-10.992923
-2.7491791
-5.4085559
-9.9708064
-10.880098
-2.7744803
-1.9568324
-10.15737
-6.6369915
-20.084511
-17.579671
-7.1406272
-18.569048
-7.2661671
1.1537261
-6.6094869
-8.9007616
-17.47835
-26.77889
-3.029844
-9.167748
-4.1760756
-3.7437357
-3.8951363
-15.469456
-13.993321
-14.584975
-15.686541
-7.2512107
-2.5867897
-6.8820868
-2.2869412
-6.2953978
-16.653458
-5.0349872
-17.853577
-10.995664
-2.1577084
-14.168256
-2.1319176
-6.859736
-1.7466392
-5.2366569
-7.4473616
-8.9536278
-30.996452
-4.5395266
-6.064184
-13.984345
-23.498564
-2.2829136
-8.9152655
-10.092471
-3.9299983
-3.8874614
-6.2655871
-7.8683382
-17.60533
-8.78121
-4.1730921
-18.533687
-2.7607873
-8.5169343
-5.1486343
-20.648332
-2.9427797
-7.3128679
-2.3467555
-19.258767
2.8692169
-2.1424699
-3.8784838
-8.4371343
-6.8355931
-11.744829
-3.1541848
-6.2000555
-2.7116968
-2.4604335
-12.287839
-0.84597348
-8.135575
-4.5782656
-3.2259156
-2.3030593
-3.0062024
-4.1954343
-5.3784495
-6.1833689
-5.9206188
-11.093741
-20.103162
-7.7077671
-12.890882
-10.293131
-28.857249
-11.416156
-6.1955565
-10.952942
-2.3994971
-4.9479789
-6.555693
-1.7307003
-11.501312
-3.6734031
-2.0639911
-1.4969276
-14.598706
-8.2136208
-3.0342627
-6.3709183
-1.7464032
-3.8499349
-6.6129254
-19.874179
-2.4417521
-15.72465
-9.2634749
-6.1255911
-23.030821
-7.8457979
-5.8984696
-18.718714
-3.7273308
-2.7888958
-10.605111
-9.769165
-4.7778425
-7.0134618
-7.9855812
-13.492504
-4.0100823
-2.3686118
-6.2613713
-10.509105
-6.5965555
-20.222134
-10.674878
-2.4571434
-5.3266501
-4.4310145
-10.511506
-5.3821042
-6.329533
-2.8534156
-3.7211091
-18.189166
-17.305818
-8.2740748
-3.49056
-5.792667
-3.7383685
-2.1575529
-2.2007459
-10.029232
-7.3008142
-1.837864
-7.2198627
-7.3277676
-15.36559
-22.291156
-3.1151261
-4.5657601
-2.8455466
-9.1406031
-10.128021
-13.770286
-18.434772
0.13590317
-5.3536713
-3.2520988
-6.0798669
-2.3535014
-10.329207
-3.2021393
-7.6122063
-12.391167
-17.033029
-2.113403
-3.192173
-7.0806267
-6.2591989
-3.6098929
-1.9216925
-2.5946774
-8.8532453
-7.6549683
-13.15224
-9.1108466
-8.7184103
-5.966922
-9.4316501
-3.4586373
-9.196533
-4.8264434
-8.0000138
-7.4870168
-26.723048
-7.6968705
-13.91345
-5.5439529
-0.933617
-7.0366921
-4.1411642
-6.6322403
-9.0800385
-2.6053439
-5.427463
-5.6120526
-2.7260715
-7.2740688
-5.1485871
-3.0407734
-2.9018189
-2.6103518
-10.366212
-10.080551
-7.816483
-5.9749994
-13.74635
-2.7855442
-5.7079537
-1.7630582
-5.1361215
-4.7199454
-8.5942993
-7.4286544
-2.7320237
-2.2258553
-3.004504
-8.1228145
-6.1176342
-17.268198
-4.8329498
-6.0635976
-8.9345931
-3.3659026
-2.1165587
-2.0331303
-5.8813066
-6.4912908
-8.128334
-6.058589
-4.5445233
-2.3895512
-5.2199402
-3.0306381
-2.8066739
-10.780266
-15.757835
-2.3107793
-7.9605387
-10.155389
-4.3924701
-12.876476
-12.800895
-6.2025283
-10.625289
-11.381734
-11.79923
-6.4452148
-6.8570401
-4.5247277
-15.224336
-11.494798
-5.6302251
-5.3618368
-3.6870111
-6.2182457
-20.493584
-13.431728
-2.461729
-3.5717825
-7.3870187
-6.8736992
-15.115601
-2.7747744
-13.662873
-0.05293779
-11.91134
-15.551469
-10.892681
-10.219718
-2.5649926
-3.257551
-7.134482
-6.9689667
-6.7475465
-9.412431
-4.5409451
-11.935217
-2.8670444
-4.1468015
-11.739272
-8.9015333
-7.7160481
-18.508505
-14.253053
-6.3781198
-4.8001497
-3.0577729
-1.5399276
-4.9287487
-8.8579327
-5.2197118
-7.7961263
-7.9971307
-10.594576
-14.486767
-17.889185
-1.9733017
-21.255881
-1.7137386
-9.5056735
-13.483662
-2.5206718
-1.5493155
-8.3390645
-9.6683899
-10.954856
-10.523226
-7.0779035
-17.930575
-5.5995359
-7.5458328
-2.9671163
-9.0780198
-13.274994
-15.629664
-10.314964
-10.829643
-2.4960241
-1.9150759
-3.2725461
-11.809475
-3.9795999
-2.9051399
-1.7464492
-9.402416
-2.0330131
-1.4095354
-10.149811
-16.948196
-15.941779
-3.1630931
-3.269933
-0.50671905
-38.133763
-6.3975585
-1.7497772
-3.7208017
-5.2477689
-7.5499048
-2.8163713
-7.2976195
-5.644928
-4.3977677
-3.6702692
-6.7310183
-10.29392
-7.2620635
-3.4503317
-14.796373
-9.2320561
-8.4204527
-13.557101
-2.916313
-12.098537
-2.8097013
-4.5843477
-2.2490339
-2.6359295
-1.9730858
-6.5170764
-2.5837327
-13.423547
-9.9956747
-11.057573
-4.6380698
-17.223299
-20.689706
-2.2442828
2.2200938
-1.6636159
-1.9448818
-10.549069
-3.4880031
-5.3916818
-7.5944826
-11.263425
-17.721956
-13.638165
-5.3504527
-5.9106405
-6.3382617
-8.673451
-8.9215586
-3.8542402
-9.3005916
-10.779213
-1.8111961
-26.448491
-3.4685044
-9.8097986
-3.7844354
1.022529
-13.625491
-2.5146147
-2.9269607
-2.2269929
-3.3699821
-3.6658877
-2.6629126
-2.9110245
-0.61666268
-8.4581983
-10.727439
-8.6050717
-5.14993
-13.688254
-15.113522
-7.3802677
-9.6821138
-2.7386844
-5.6143248
-3.0949717
-26.579249
-2.3644855
-4.9404532
-1.9097765
-1.7498555
-3.654518
-6.0391671
-2.528825
-2.9254493
-4.0408947
-2.0229066
-29.512544
-5.0399445
-8.8083985
-2.8923117
-16.693355
-0.93235485
-3.5375532
-7.9276651
-4.3696775
-7.8337885
-3.3495413
-6.5648463
-3.9813935
-9.8764014
-8.7222537
-9.7763592
-14.680146
-6.5937263
-10.366212
-17.158952
-7.2792715
-8.4334477
-11.791673
-19.003551
-2.6614237
-2.2074555
-4.7363692
-9.5788471
-4.9962514
-2.9407701
-12.440477
-4.0747543
-4.1590123
-6.5965619
-16.2478
-12.257307
-11.720497
-4.3472761
-6.075713
-2.6775993
-8.0215398
-5.4682168
-8.2158343
-5.4133928
-2.7286741
-2.441031
0.73080115
-3.0918978
-2.7842122
-2.4587224
-9.8333967
-12.25757
-8.2960626
-13.243174
-2.1608368
-7.2166788
-9.5930311
-11.226394
-2.790782
-6.239835
-6.5554126
-16.347917
-10.711062
-5.8436723
-12.562827
-24.979657
-3.1579465
-6.5435587
-7.1504539
-3.2750551
-7.8230606
