-11.290019
-7.1052987
-5.7212383
-8.9765561
-9.9794921
-23.463998
-4.7454952
-14.499465
-17.169825
-11.434541
-21.064931
-7.2894882
-10.730143
-3.2349744
-9.1733853
-13.17291
-4.4966856
-8.8233622
-3.5588712
-2.4489424
-15.067479
-5.419233
-9.8529191
-3.7910143
-12.383195
-10.957838
-12.208515
-4.1159974
-12.628211
-9.9281004
-3.5290376
-5.344189
-11.57962
-5.5485381
-5.947182
-3.2714426
-2.7048548
-1.6511627
-10.500486
-2.6218174
-13.113666
-5.661127
-3.9517994
-13.976165
-5.2224981
-7.7849224
-4.9424008
-16.99586
-6.2336525
-9.796272
-9.779067
-5.5006028
-11.148402
-8.8731481
-4.0361215
-5.4888797
-7.1880404
-7.801746
-16.323532
-5.247622
-5.5095795
-7.0289609
-1.0636169
-16.846681
-4.9547352
-3.9219429
-3.1936643
-9.9047561
-3.2063061
-16.654923
-3.9250435
-4.1661718
-6.3777019
-4.2307761
-1.5267364
-9.6061792
-6.7342629
-18.017206
-20.055984
-9.302201
-7.0951549
-16.947201
-6.3656486
-13.98596
-15.28539
-10.724277
-3.727635
-6.3426215
-5.5348311
-2.6178135
-9.0706734
-7.8085515
-5.0522426
-9.9498811
-13.386511
-3.3318859
-9.0576505
-28.670958
-4.9068903
-15.82169
-3.7351368
-5.8996026
-6.9117014
-6.0727271
-13.509353
-4.1819097
-8.0304752
-23.31046
-10.07845
-7.876448
-21.330464
-9.5538185
-5.3741366
-22.751815
-5.3116907
-11.16099
-8.1897511
-9.7484362
-10.780865
-20.445233
-2.7462753
-19.091507
-3.9504164
-20.675301
-4.662746
-16.24734
-12.403087
-12.260552
-4.7716205
-6.8050719
-15.217291
-16.416766
-2.2257914
-17.585429
-10.932694
-10.613367
-3.8314127
-19.88491
-15.877529
-12.865836
-3.5522246
-7.8834097
-13.905425
-12.745443
-11.107148
-14.200865
-5.9067461
-3.4319013
-8.8640937
-11.883947
-15.285562
-4.4697362
-13.434238
-16.801354
-1.3690947
-14.534335
-13.002856
-4.8388453
-19.487042
-2.6797488
-3.3937254
-5.5138759
-9.2586927
-15.358583
-6.4915392
-4.038536
-10.949172
-9.605038
-4.2808421
-7.9378643
-2.5246716
-4.6508511
-3.4644969
-4.3895913
-8.0838204
-4.2349234
-4.4565518
-14.643722
-9.4812766
-1.7148681
-8.1852297
-6.3783606
-7.8090098
-7.9790038
-5.27394
-11.452728
-6.5603632
-4.7061208
-4.1535789
-19.543442
-5.1372
-7.1835306
-5.2820539
-16.513557
-5.1412895
-9.4964703
-7.7071759
-2.2948041
-4.6928308
-13.139076
-9.4694547
-13.879408
-15.378181
-13.786955
1.3330652
-4.6531189
-4.6324962
-15.759696
-8.998986
-3.7824302
-10.82248
-16.474888
-5.8101672
-3.8965781
-10.356708
-19.439235
-7.5637201
-2.4277875
-12.235473
-13.572918
-10.324638
-12.321765
-18.30675
-2.1182686
-3.7589026
-4.1403761
-13.000812
-9.1467789
-9.9244297
-11.767809
-27.249896
-10.247075
-23.160876
-3.5880874
-4.3070532
-4.9132114
-4.6402024
-10.318214
-10.085466
-5.1509162
-6.2175717
-20.047552
-5.6274938
-5.8945194
-4.089634
-3.3629949
-7.8974049
-9.8035884
-2.9804145
-4.4195423
-5.6284916
-3.0608314
-5.4156292
-0.68930621
-11.663944
-9.3307887
-5.6253594
-3.5882154
-9.7561927
-26.564001
-22.939753
-5.5918613
-10.933393
-18.065077
-3.0751891
-4.7668397
-24.434767
-7.1717708
-3.7890209
-5.8956996
-7.4332581
-12.423545
-6.5947838
-6.5077198
-18.613881
-2.8649834
-11.458847
-7.8255086
-5.9475994
-15.519849
-15.524425
-9.2604003
-3.3318503
-12.573146
-4.3297207
-9.2014418
-24.07404
-7.6391964
-7.6270951
-9.1340312
-4.6808373
-18.931111
-5.8767773
-14.125112
-3.2965926
-14.614641
-13.358209
-15.911962
-4.6888037
-7.2075287
-3.2346653
-9.2023894
-8.2604865
-7.2948824
-7.7734956
-11.461465
-7.117853
-9.9726718
-11.988035
-8.4555407
-19.467724
-7.3218222
-8.696378
-8.8948115
-3.7051639
-5.11425
-15.493635
-12.798138
-3.3607284
-3.5268992
-9.2618249
-5.3689911
-3.9293534
-5.292515
-4.2896204
-27.393506
-9.1796613
-4.1403997
-4.3778663
-3.8118373
-12.05932
-4.132717
-10.158297
-7.1144178
-4.8338551
-7.4798253
-3.6011584
-4.4106134
-11.622504
-28.573542
-23.938604
-2.329433
-3.6180929
-15.350193
-6.0781988
-3.6159067
-5.0049142
-4.6561023
-11.63649
-3.586416
-3.7884166
-3.639019
-10.692262
-13.510144
-12.231519
-8.6342839
-4.0038766
-11.800776
-4.6146231
-17.016255
-20.540349
-9.6341374
-11.161187
-20.576382
-10.709796
-9.5911342
-6.0076826
-2.704424
-3.4623168
-3.4115037
-9.9539751
-8.3285558
-11.206449
-3.7938041
-11.679825
-14.122792
-16.431251
-19.464807
-3.7080263
-3.2324682
-4.1673555
-8.1209727
-3.6412388
-3.5269338
-10.09841
-4.6304267
-16.396254
-13.273565
-3.7898061
-9.8882818
-15.865807
-21.932115
-9.8271059
-20.800104
-25.73461
-2.428249
-6.9914497
-6.1188399
-12.302914
-9.5458767
-4.3288791
-12.07046
-4.1274766
-5.6427805
-3.8179809
-5.2228608
-6.1785421
-13.752115
-20.137586
-5.5487626
-10.619056
-9.418289
-17.701682
-14.093795
-7.0016457
-3.0493735
-3.5582102
-3.7918837
-6.629429
-9.9578504
-3.5204848
-8.2486743
-13.197687
-10.387318
-21.016248
-4.1193228
-11.41824
-1.8531985
-4.6541288
-14.482467
-4.9019018
-17.254279
-8.2597837
-4.5328239
-3.8694373
-4.4246486
-7.3733501
-15.892555
-20.582355
-6.0971689
-4.483375
-2.8699382
-7.011563
-10.432312
-5.9558799
-4.9478197
-4.9251855
-6.0878708
-11.2023
-15.416991
-6.6784672
-5.9646378
-4.2393974
-8.1454051
-3.9219499
-19.947803
-5.003217
-9.7463897
-8.3355522
-3.6098122
-8.0230692
-16.673769
-2.2223022
-5.5984558
-4.2545727
-4.5800947
-15.747776
-7.4874663
-6.6837518
-2.0448877
-4.6097906
-5.2119691
-4.7818553
-6.9056249
-11.384382
-2.672833
-8.7358815
-8.8699316
-6.2638524
-6.3452402
-4.4088707
-13.264875
-6.2171191
-8.146522
-2.7462222
-11.565715
-8.8545363
-21.840435
-5.5902593
-4.8588389
-26.488376
-8.6064337
-7.2310066
-16.673195
-2.0481873
-6.5506674
-12.973524
-11.840728
-19.95432
-14.466513
-11.166237
-7.8910297
-9.0269454
-4.999107
-11.27221
-7.14183
-5.7446107
-9.9484312
-4.3610047
-10.024993
-14.587115
-7.6845049
-3.847335
-4.7586951
-6.4529554
-2.8095009
-5.9818172
-10.933168
-2.5019093
-6.9862281
-3.0317289
-6.7470899
-12.722859
-13.917291
-3.7299644
-3.5581205
-14.636527
-3.1435482
-12.791659
-5.2093909
-7.9847341
-11.023287
-7.8565167
-9.0642459
-6.964225
-7.2326214
-6.0958139
-11.936753
-5.1016332
-10.297511
-11.782541
-3.9566403
-3.3758832
-4.0239116
-5.5960262
-12.629403
-8.4601504
-8.3395523
-8.3651772
-3.8384982
-2.9034242
-9.6121769
-4.8061076
-16.975927
-3.451413
-5.0187893
-4.4492318
-8.976388
-4.311806
-3.5782572
-10.269306
-6.7738635
-2.7861098
-17.564984
-6.3895881
-3.8451729
-1.443887
-7.00279
-16.606686
-8.1785642
-9.413742
-2.2752178
-5.2843827
-12.132405
-5.7309417
-6.8752313
-10.333932
-6.2110196
-7.391096
-4.186286
-6.1187321
-8.4032117
-9.1670022
-2.1689484
-11.272236
-18.103237
-3.550757
-7.6672148
-0.49807702
-4.7476084
-10.308812
-4.3464439
-7.6385156
-12.431953
-4.7797688
-5.3367383
-3.2039237
-5.1369908
-9.0839268
-11.684369
-3.008735
-5.4049433
-3.7286479
-3.5224644
-5.7527719
-1.2615499
-3.4363562
-5.6598823
-5.25333
-2.941712
-9.4874494
-11.151931
-15.477744
-5.8827846
-3.7430341
-7.7112981
-5.3278042
-5.3873383
-4.5721311
-5.8936529
-8.4627297
-3.9389013
-4.2872963
-3.5289474
-13.471333
-19.948516
-8.5447779
-4.7639858
-4.6159845
-3.0524246
-17.680296
-6.4390557
-2.5729898
-2.5230973
-4.4366785
-13.722142
-4.156381
-3.5888817
-12.502634
-3.5253931
-3.7279528
-17.454183
-11.270227
-5.5887235
-9.6290447
-3.3681838
-8.1447972
-3.747543
-2.3804674
-5.2969451
-2.9857227
-10.587539
-4.1599852
-6.2850077
-9.0108386
-14.68229
-14.440668
-7.7500882
-3.6432701
-4.8600274
-10.447107
-3.883448
-4.1063989
-7.4656512
-12.204694
-6.5368981
-10.674013
-4.9261503
-12.302142
-11.695809
-4.3685501
-5.6093417
-3.7068054
-10.295726
-5.2358637
-7.3066186
-6.7699955
-3.7074748
-5.1410901
-9.063333
-4.6145264
-12.402568
-9.3288152
-3.627338
-8.2110475
-22.962409
-9.0509744
-7.2083545
-9.6639139
-5.7549849
-13.586508
-10.00665
-10.651762
-5.4510399
-10.56809
-3.8119854
-3.6438687
-4.5706481
-4.5640591
-4.8409266
-2.3302182
-5.1624426
-3.7884166
-7.1850694
-6.0109627
-5.874083
-4.7206313
-3.0479162
-2.9449071
-9.4165797
-1.6191439
-4.906593
-11.679135
-5.6757225
-7.9379266
-6.1492766
-17.385724
-4.561087
-6.4095111
-4.0063856
-2.4277539
-4.0300142
-11.264664
-11.42367
-7.1409772
-3.2335541
-4.2794703
-6.2067433
-5.0853287
-3.7090724
-5.4896037
-12.946241
-24.529119
-4.0555476
-7.9107534
-6.9849412
-3.4271981
-4.1344109
-9.3098494
-6.1239011
-6.7866893
-9.3993955
-2.8686126
-2.8291094
-6.7571882
-11.762332
-8.7362014
-7.780682
-10.657395
-3.0526989
-3.6521973
-5.8611396
-4.5758131
-9.285595
-5.3715639
-2.7895293
-5.4756047
-6.4038232
-9.3605383
-14.176864
-5.4053984
-4.3092517
-5.75508
-15.470602
-4.6921546
-6.3869189
-7.1791376
-3.4666982
-4.093228
-7.0498942
-10.164371
-3.4327842
-6.9769334
-4.3272945
-2.8248599
-2.6573388
-3.0566484
-4.0569092
-7.3360981
-2.0499784
-3.695826
-3.370703
-5.2041908
-9.7352099
-8.1955319
-7.5581059
-4.791823
-5.0936166
-5.2574257
-3.7289618
-4.719209
-6.76687
-13.874588
-4.4295678
-2.7981176
-3.8310398
-5.2126645
-3.3711446
-4.1554746
-5.176667
-7.677318
-3.7593406
-2.7866515
-3.1111513
-6.4550687
-9.8561826
-2.8970523
-7.209665
-4.4905911
-5.4196081
-2.9126734
-0.28226089
-8.2770277
-2.4274187
-7.6942365
-3.1702019
-5.1286396
-15.724714
-10.703438
-12.307157
-4.0551695
-6.1516118
-12.417462
-13.9625
-11.339042
-6.8052333
-7.9177891
-9.5055514
-5.7089293
-10.441835
-8.8263959
-13.043639
-3.7797995
-6.7119091
-11.572753
-2.9060675
-8.3510171
-4.8374913
-3.8081853
-8.8096386
-16.730219
-3.2389264
-11.154435
-3.5280591
-4.7986499
-6.9879003
-4.7287696
-4.0389845
-4.3385609
-5.1704544
-16.090168
-4.8988406
-3.7315597
-3.8862934
-35.140886
-6.9728827
-4.6864918
-6.7287667
-3.8100196
-3.1315938
-2.8680154
-5.7484504
-8.1784507
-3.9558101
-15.77205
-8.37845
-12.362355
-8.7732321
-5.4948792
-11.323445
-1.6989017
-6.2642596
-2.9472706
-2.5867139
-10.218517
-3.8373733
-12.5709
-3.9234506
-2.189323
-7.6939919
-3.4287465
-7.0793571
-8.4341549
-6.9217867
-9.2124282
-7.2126367
-4.6081944
-6.8085833
-9.7508834
-26.715039
-5.024437
-9.1430766
-13.426525
-7.3043561
-4.0815428
-2.4747599
-5.075621
-13.036931
-7.7046899
-13.077224
-14.37647
-6.9597854
-3.6128584
-1.6891422
-9.5870904
-2.2214039
-7.5077956
-7.9346716
-4.1566891
-2.9857227
-6.7133397
-5.7726699
-3.9238242
-6.6709774
-3.5217243
-5.075621
-9.3202019
-4.6751737
-11.40014
-5.7088954
-3.8202318
-3.1610276
-3.7368805
-2.9451963
-6.3418213
-10.919364
-33.914959
-18.289811
-10.369293
-5.0861925
-7.0386308
-5.2781906
-8.3365562
-9.6372884
-9.7454824
-20.370989
-4.6073507
-3.6430646
-3.303198
-2.3792318
-6.6672349
-15.097702
-13.334489
-11.141293
-7.1463219
-9.7554178
-7.8488904
-5.5109638
-5.934252
-7.2335369
-3.8424273
-10.842401
-8.8476069
-8.7751215
-9.9621869
-4.0575359
-7.1061211
-5.6642382
-9.9067394
-8.5843238
-12.095366
-8.1244636
-6.6685664
-5.1908486
-2.9826575
-3.929997
-1.1430287
-10.627394
-5.5589357
-4.6174626
-10.460938
-4.0636269
-5.1781024
-9.0081099
-5.1319287
-6.5313807
-10.237125
-3.5207953
-4.573522
-9.0106201
-8.9622624
-4.1543552
-3.3744374
-4.0545266
-5.9638661
-11.714849
-7.5362996
-1.9330375
-14.814659
-5.4417907
-16.197912
-6.2681385
-8.1976683
-3.1681171
-10.621805
-3.2069365
-6.9409392
-5.6147115
-4.0278568
-4.628313
-2.9319034
-3.5637688
-8.1010894
-3.728331
-4.5866137
-4.8964556
-11.554215
-2.8291154
-12.303123
-4.5208275
-5.3213294
-10.056063
-3.354371
-5.1945576
-3.4304577
-10.586058
-9.6378059
-5.0968384
-9.3550386
-3.0175159
-3.6025009
-8.8531813
-2.3289747
-8.5654292
-3.5525298
-3.9009187
-7.7290866
-6.1152215
-7.8048321
-4.6965013
-3.3379166
-7.7412713
-7.1722247
-7.4013889
-4.6055499
-7.3204184
-3.4098662
-7.6817854
-2.9817854
-5.2383889
-6.2834156
-14.317375
-4.9155227
-6.6476044
-3.9074837
-3.6651918
-11.479315
-2.6203054
-4.8155557
-5.1416223
-11.172854
-5.4917501
-9.8181565
-2.6564517
-9.2816393
-4.4480603
-8.5472855
-6.4759723
-4.5955927
-9.1279155
-4.5049943
-5.2013103
-5.9438978
-8.9252834
-9.5377213
-8.3176553
-2.940253
-3.1803417
-7.962724
-4.0271558
-2.8279744
-4.629849
-9.5338123
-2.2086603
-6.776659
-15.815549
-2.8245553
-3.2632754
-5.4068657
-8.4450569
-10.168259
-4.7710306
-6.4097516
-10.137965
-6.2200684
-4.2554354
-13.876501
-4.9411871
-6.739443
-10.018423
-3.950752
-4.1347021
-5.0689292
-3.873069
-6.9226533
-8.1443209
-4.2039502
-9.1767948
-3.2691926
-7.8081768
-2.6886448
-4.2056817
-6.8821924
-3.5279968
-10.748444
-6.9102534
-8.2129913
-2.3300928
-9.8027079
-4.2628365
-3.902334
-11.368355
-3.8997696
-6.4158668
-7.6778078
-5.3811263
-4.7244956
-6.2699671
-2.6508659
-5.5598427
-0.0330457
-7.9276046
-3.7591827
-4.2706144
-3.7276508
-3.4956945
-4.5497766
-8.2858304
-2.3121156
-3.5399945
-7.0677981
-6.9384477
-4.8163257
-6.5719507
-4.8730663
-5.230712
-13.325296
-3.298409
-9.9153702
-5.6710789
-5.2030648
-3.6694215
-3.6106389
-8.1812866
-18.347031
-3.5471319
-12.290291
-7.105767
-9.7291289
-7.4317814
-7.1535257
-3.9533501
-8.0410157
-3.7884166
-4.3584314
-4.5145992
-6.9544109
-12.605958
-8.8866287
-4.3484567
-7.9662555
-13.251172
-3.6496773
-4.3269598
-4.7247635
-12.087422
-13.47947
-2.7235011
-9.5551161
-7.1931569
-10.174001
-3.7565009
-9.4145443
-12.024834
-3.1983684
-3.3366343
-4.7667781
-11.874092
-6.6949818
-4.1908276
-4.2375621
-3.9774
-7.440328
-3.7109547
-4.6141173
-3.6418211
-9.2600548
-11.20375
-4.4570993
-3.489327
-4.1566212
-2.0491725
-6.7919625
-6.9957753
-10.558157
-4.7064472
-5.5863644
-3.6711003
-5.8563633
-5.1990838
-3.9544602
-14.887742
-10.237081
-5.2767299
-3.6735886
0.16567089
-1.2038294
-5.7864301
-13.911486
-12.210448
-2.7878495
-5.7817477
-8.1526803
-9.994082
-6.6242927
-4.9539312
0.0863244
-5.1013085
-3.4346248
-4.4468714
-3.7927508
-5.0916262
-2.5735244
-8.1422123
-5.9089074
-3.5850426
-6.2015037
-11.283517
-4.4505225
-5.1360877
-4.1805666
-4.8330742
-11.812011
-7.0981488
-6.2155968
-8.586963
-1.9764999
-7.6557153
-8.808943
-4.1165531
-5.3424323
-9.5447376
-7.8963358
-3.2696631
-3.0554189
-5.8880192
-5.753809
-2.3351048
-0.42690051
-2.791278
-6.8208373
-4.3788081
-9.8485607
-10.03597
-6.0366298
-5.5779208
-4.6758217
-3.6156175
-3.2706666
-9.7539943
-4.9739319
-4.6083965
-7.225152
-9.3676115
-8.1190267
-3.8017103
-9.1867415
-3.7600977
-7.8557935
-3.1315365
-5.1824716
-6.9787067
-7.1415603
-7.1469349
-3.3294325
-8.770513
-5.5265874
-6.6255
-4.7847241
-8.4654126
-5.441191
-3.3541605
-9.1476519
-4.5171278
-13.636939
-2.5257194
-3.4376835
-5.3404938
-4.0282669
-12.625987
-4.2552387
-3.6282002
-11.731492
-4.3554972
-5.5175967
-7.2543395
-5.0747934
-3.0917258
-8.8242388
-2.7085115
-4.9649151
-25.080338
-5.280327
-3.5028117
-5.5109589
-3.2986157
-5.7212949
-11.769593
-4.8021542
-4.0543817
-2.9251151
-5.4382128
-3.0539105
-1.6457754
-3.5800568
-4.3720149
-4.8027944
-11.534707
-10.13409
-5.1840227
-5.6733317
-12.802529
-4.6570565
-6.0331491
-2.6639173
-3.0458155
-5.2380183
-3.7922894
-3.9352554
-2.1345855
-4.5709258
-6.509516
-10.813011
-8.5824118
-6.2726018
-13.115066
-9.6656326
-3.6366712
-10.85154
-5.2411169
-2.9816716
-3.3350044
-4.7803982
-2.2210193
-4.6134242
-6.7020822
-9.8567692
-3.1313836
-4.9652863
-6.5936377
-8.0346105
-8.0094386
-4.2860278
-3.4955758
-4.4958113
-6.4129396
-4.0091627
-5.8124538
-7.0685055
-2.1703733
-3.9498319
-8.3214824
-11.393131
-3.9466755
-3.5367365
-9.0465777
-6.0248499
-4.6943551
-11.192978
-3.0569896
-6.2813936
-6.0895613
-10.490291
-3.0602703
-10.675025
-5.312821
-5.8407711
-3.4352527
-10.825474
-8.0792076
-5.1428244
-3.9764032
-9.1704833
-7.9967783
-8.9551357
-7.5288869
-11.844262
-3.2302918
-3.6099517
-8.1639997
-4.4745896
-6.6515566
-3.8761719
-13.276695
-13.139561
-4.9857506
-3.5871152
-16.086496
-7.5789986
-4.4577923
-12.917404
-3.8101711
-7.5184791
-13.85208
-4.7257916
-3.7671452
-0.99321609
-7.6660261
-3.7360601
-9.4291197
-3.7159582
-7.6573866
-4.9998422
-4.3509079
-6.3930792
-3.777368
-10.759325
-11.174259
-5.9180237
-3.98216
-7.7745384
-14.088683
-3.6155211
-4.0605294
-15.659563
-4.403208
-10.228187
-11.480609
-7.3017939
-3.5991217
-10.15599
-5.1220197
-4.1881923
-2.9008239
-1.4969917
-8.808092
-4.8333381
-4.4396588
-2.3296501
-3.0230939
-4.2565559
-3.9588385
-8.6999701
-6.3614818
-6.2518661
-4.1035124
-5.029658
-4.8038976
-6.2970295
-3.5395298
-5.4304984
-8.1644248
-4.5395691
-22.343136
-6.0069998
-21.048185
-4.4823493
-5.6816206
-3.9808872
-4.5870074
-2.1738229
-11.234567
-7.9485178
-5.7107955
-16.48407
-9.3176723
-10.266606
-4.2837957
-3.5829313
-9.9501211
-6.3941494
-10.328649
-9.6306201
-4.1663121
-2.5504842
-5.9307989
-3.8146989
-8.4045843
-11.516967
-6.0181537
-2.2749796
-5.2944348
-2.3285431
-5.0214062
-3.1329957
-8.6406489
-4.0102925
-9.2933182
-2.3814519
-3.1650011
-8.334424
-4.3151436
-9.0507416
-3.9818486
-3.8726242
-4.9198399
-16.385143
-4.0348182
-5.3408118
-5.7406604
10.047102
30.358065
35.323871
13.781577
30.933743
22.251075
5.7731363
13.417394
17.16834
22.364431
38.886566
14.635794
11.641565
9.9856093
9.4698115
2.7384968
27.707544
22.051579
19.589563
25.810505
19.437251
10.357758
10.771873
1.6957068
18.629834
30.792789
7.9844779
30.228449
10.805186
10.364104
23.152291
2.2058623
10.174459
7.2769067
17.377739
16.142821
23.60246
46.958985
9.3804165
16.334888
24.921007
24.675888
4.4944568
4.9307014
16.236601
10.62361
10.107729
6.2737593
8.6034234
37.704927
16.236687
11.591331
33.337616
15.48076
14.110177
22.054819
28.927961
4.4198052
10.72749
9.5082089
29.563935
9.560031
5.4820275
9.7833087
23.520153
11.531859
15.932665
5.7739683
15.712291
9.3796926
5.9316876
25.981068
-0.52735057
20.09656
8.1909035
8.6020478
8.3407003
13.68584
12.138895
10.806723
12.344249
16.602921
21.110023
21.948739
4.4827929
19.577202
24.617205
43.655996
16.612154
14.405859
31.39159
9.869049
9.6393455
13.066075
1.7283559
23.423116
6.467216
6.9828498
0.22030988
20.669618
20.197605
6.6369674
10.411556
3.7188595
18.960167
15.789421
31.836969
11.233752
20.829451
14.356647
11.914905
39.485505
19.020257
7.294376
37.299346
8.5011602
5.0526361
16.004068
16.641986
16.562612
9.8686131
22.582516
16.746856
8.0826942
9.6156087
15.379334
18.30719
4.8179857
37.822393
12.551603
10.216415
10.284753
15.850008
4.6214514
7.2443117
13.951269
8.1527038
13.733409
33.690907
39.662644
20.45425
16.075184
11.199559
15.272103
3.2451804
7.7780845
16.953492
13.326734
-0.52598735
12.212494
11.8192
32.339839
30.171417
13.252775
15.688294
9.2093813
17.088379
12.162821
23.811534
37.767838
0.39550701
8.3367795
8.0474115
12.455394
10.444351
16.209004
9.5061384
16.043837
13.944225
26.703005
5.5015729
9.7535104
13.063415
13.860196
2.1096608
4.8088584
11.327081
14.5172
21.913253
14.360624
31.555032
15.24276
15.014832
26.050401
6.2030235
6.2011282
11.314059
16.688674
10.883237
32.080379
21.533772
18.608838
13.064873
-0.38753518
16.892203
10.102672
14.33692
11.473499
7.9831729
11.547397
25.78744
8.3234757
7.3166328
14.850275
11.013058
14.040524
5.3321228
26.756496
13.768595
22.389492
18.512607
17.509174
9.8079628
10.327833
21.645023
18.477304
16.087228
14.208342
12.525407
6.6369817
-1.6082951
7.8310682
8.327926
17.512091
15.718145
9.9292866
3.9574315
12.026396
8.8732841
8.0444786
5.8478311
17.837647
10.09831
13.859795
11.420277
16.401946
5.3930354
13.077046
3.7774874
7.2935142
20.218938
20.008128
4.2187856
17.022772
18.559918
10.434666
21.10676
21.540557
15.477672
19.15857
17.116577
23.956585
17.33809
16.381409
5.8368376
23.520605
18.858937
9.1285501
15.006731
17.983093
10.747919
36.299982
36.129243
4.8318032
9.1709329
15.627541
8.9655031
20.357021
9.9821563
32.16902
4.18226
34.811148
21.407424
10.44559
15.575951
8.7585796
14.539046
11.974451
7.6038221
10.42054
14.515457
8.7320307
21.011432
10.990704
5.7867647
35.56054
20.724421
11.797845
24.431278
28.492695
11.421045
12.528436
10.418477
2.6855675
10.336018
12.337405
8.0338109
16.868625
10.097404
22.992926
25.546075
33.767088
-1.1788087
36.206659
7.9552925
14.695243
22.806412
10.327637
7.4541722
15.707965
9.5563704
13.327683
18.138504
12.931925
31.136668
14.212572
9.2744932
1.9548013
10.551243
17.589631
22.59236
15.865238
14.927945
2.9762108
3.9914726
6.4767389
27.452681
23.106943
10.997271
5.724088
14.020379
7.9183675
0.81788416
23.336359
18.777828
15.10874
11.650091
3.8185616
3.7324894
62.837206
15.639786
6.4279511
16.749428
12.145683
15.877185
12.022527
16.447347
11.52283
12.257994
8.0543932
7.6459379
28.745891
23.807462
12.778291
24.91289
14.607394
21.600548
14.970759
6.203689
15.054291
12.40133
15.21253
5.0537811
11.311913
9.7752214
16.303334
3.876629
32.610484
19.489312
19.338232
9.9857548
32.112931
33.99134
8.8741235
-2.3511962
1.3375791
6.3574379
12.111622
13.452498
14.026413
17.956221
24.6759
21.37822
22.563028
4.1738986
12.024644
13.686168
15.173935
16.383493
6.8999432
11.65796
16.933357
3.4439324
33.441648
12.047516
11.715555
18.352456
11.764911
16.817504
9.5761493
14.07749
3.6834431
10.211068
23.103049
9.5351674
12.175279
8.5244481
15.527288
12.123598
13.719661
7.60213
33.910691
31.997188
25.201249
13.007751
5.2658271
7.485154
13.459751
41.153503
7.041932
13.933972
5.1525169
6.001824
6.9733056
12.986486
9.7207028
3.4621212
7.8883317
7.4529859
50.770668
8.8067449
11.061762
6.2692649
36.993671
5.1772718
3.6134662
13.325978
18.859495
12.696586
5.5245609
21.93089
9.6151435
24.52049
18.497644
20.43011
21.517439
9.2921236
26.756496
20.152053
13.878366
15.085696
15.91344
19.459463
11.519053
9.0258967
12.984867
12.788807
10.536411
9.9352749
17.436844
7.5297192
9.0067395
11.20763
30.949606
24.71216
13.062243
18.350159
14.522648
11.619274
13.06111
9.6281845
12.654088
17.71844
6.1967224
7.4109313
3.1485661
12.01115
6.1048497
10.214593
15.418043
14.765328
18.601915
28.921107
6.7955005
13.872536
14.529173
23.42759
3.0573139
9.7159039
10.33361
24.773138
23.857569
5.0838219
19.742922
32.76969
11.80338
11.308465
13.673475
6.9847882
16.424878
